# JRE version: OpenJDK Runtime Environment Corretto-18.0.2.9.1 (18.0.2+9) (build 18.0.2+9-FR)
# Java VM: OpenJDK 64-Bit Server VM Corretto-18.0.2.9.1 (18.0.2+9-FR, mixed mode, sharing, tiered, compressed oops, compressed class ptrs, g1 gc, windows-amd64)
GC Precious Log:
 CardTable entry size: 512
 Card Set container configuration: InlinePtr #cards 5 size 8 Array Of Cards #cards 12 size 40 Howl #buckets 4 coarsen threshold 1843 Howl Bitmap #cards 512 size 80 coarsen threshold 460 Card regions per heap region 1 cards per card region 2048
 CPUs: 4 total, 4 available
 Memory: 4012M
 Large Page Support: Disabled
 NUMA Support: Disabled
 Compressed Oops: Enabled (32-bit)
 Heap Region Size: 1M
 Heap Min Capacity: 8M
 Heap Initial Capacity: 64M
 Heap Max Capacity: 1004M
 Pre-touch: Disabled
 Parallel Workers: 4
 Concurrent Workers: 1
 Concurrent Refinement Workers: 4
 Periodic GC: Disabled
Heap:
 garbage-first heap   total 58368K, used 28644K [0x00000000c1400000, 0x0000000100000000)
  region size 1024K, 7 young (7168K), 3 survivors (3072K)
 Metaspace       used 60503K, committed 61056K, reserved 1114112K
  class space    used 7914K, committed 8192K, reserved 1048576K
GC Heap History (20 events):
Event: 9.970 GC heap before
{Heap before GC invocations=7 (full 0):
 garbage-first heap   total 48128K, used 32808K [0x00000000c1400000, 0x0000000100000000)
  region size 1024K, 21 young (21504K), 3 survivors (3072K)
 Metaspace       used 30197K, committed 30720K, reserved 1114112K
  class space    used 3666K, committed 3904K, reserved 1048576K
}
Event: 9.980 GC heap after
{Heap after GC invocations=8 (full 0):
 garbage-first heap   total 48128K, used 17396K [0x00000000c1400000, 0x0000000100000000)
  region size 1024K, 2 young (2048K), 2 survivors (2048K)
 Metaspace       used 30197K, committed 30720K, reserved 1114112K
  class space    used 3666K, committed 3904K, reserved 1048576K
}
Event: 11.213 GC heap before
{Heap before GC invocations=8 (full 0):
 garbage-first heap   total 48128K, used 34804K [0x00000000c1400000, 0x0000000100000000)
  region size 1024K, 19 young (19456K), 2 survivors (2048K)
 Metaspace       used 34119K, committed 34624K, reserved 1114112K
  class space    used 4293K, committed 4544K, reserved 1048576K
}
Event: 11.219 GC heap after
{Heap after GC invocations=9 (full 0):
 garbage-first heap   total 48128K, used 18190K [0x00000000c1400000, 0x0000000100000000)
  region size 1024K, 1 young (1024K), 1 survivors (1024K)
 Metaspace       used 34119K, committed 34624K, reserved 1114112K
  class space    used 4293K, committed 4544K, reserved 1048576K
}
Event: 11.526 GC heap before
{Heap before GC invocations=9 (full 0):
 garbage-first heap   total 48128K, used 23310K [0x00000000c1400000, 0x0000000100000000)
  region size 1024K, 8 young (8192K), 1 survivors (1024K)
 Metaspace       used 35521K, committed 35968K, reserved 1114112K
  class space    used 4431K, committed 4672K, reserved 1048576K
}
Event: 11.530 GC heap after
{Heap after GC invocations=10 (full 0):
 garbage-first heap   total 48128K, used 18355K [0x00000000c1400000, 0x0000000100000000)
  region size 1024K, 2 young (2048K), 2 survivors (2048K)
 Metaspace       used 35521K, committed 35968K, reserved 1114112K
  class space    used 4431K, committed 4672K, reserved 1048576K
}
Event: 12.625 GC heap before
{Heap before GC invocations=11 (full 0):
 garbage-first heap   total 48128K, used 35763K [0x00000000c1400000, 0x0000000100000000)
  region size 1024K, 20 young (20480K), 2 survivors (2048K)
 Metaspace       used 41542K, committed 42048K, reserved 1114112K
  class space    used 5117K, committed 5376K, reserved 1048576K
}
Event: 12.631 GC heap after
{Heap after GC invocations=12 (full 0):
 garbage-first heap   total 48128K, used 19329K [0x00000000c1400000, 0x0000000100000000)
  region size 1024K, 2 young (2048K), 2 survivors (2048K)
 Metaspace       used 41542K, committed 42048K, reserved 1114112K
  class space    used 5117K, committed 5376K, reserved 1048576K
}
Event: 13.607 GC heap before
{Heap before GC invocations=12 (full 0):
 garbage-first heap   total 48128K, used 36737K [0x00000000c1400000, 0x0000000100000000)
  region size 1024K, 20 young (20480K), 2 survivors (2048K)
 Metaspace       used 44729K, committed 45248K, reserved 1114112K
  class space    used 5522K, committed 5760K, reserved 1048576K
}
Event: 13.613 GC heap after
{Heap after GC invocations=13 (full 0):
 garbage-first heap   total 48128K, used 20450K [0x00000000c1400000, 0x0000000100000000)
  region size 1024K, 3 young (3072K), 3 survivors (3072K)
 Metaspace       used 44729K, committed 45248K, reserved 1114112K
  class space    used 5522K, committed 5760K, reserved 1048576K
}
Event: 14.572 GC heap before
{Heap before GC invocations=13 (full 0):
 garbage-first heap   total 48128K, used 36834K [0x00000000c1400000, 0x0000000100000000)
  region size 1024K, 20 young (20480K), 3 survivors (3072K)
 Metaspace       used 49366K, committed 49856K, reserved 1114112K
  class space    used 6284K, committed 6528K, reserved 1048576K
}
Event: 14.579 GC heap after
{Heap after GC invocations=14 (full 0):
 garbage-first heap   total 48128K, used 21377K [0x00000000c1400000, 0x0000000100000000)
  region size 1024K, 2 young (2048K), 2 survivors (2048K)
 Metaspace       used 49366K, committed 49856K, reserved 1114112K
  class space    used 6284K, committed 6528K, reserved 1048576K
}
Event: 15.492 GC heap before
{Heap before GC invocations=14 (full 0):
 garbage-first heap   total 48128K, used 37761K [0x00000000c1400000, 0x0000000100000000)
  region size 1024K, 19 young (19456K), 2 survivors (2048K)
 Metaspace       used 53033K, committed 53568K, reserved 1114112K
  class space    used 6850K, committed 7104K, reserved 1048576K
}
Event: 15.497 GC heap after
{Heap after GC invocations=15 (full 0):
 garbage-first heap   total 58368K, used 22001K [0x00000000c1400000, 0x0000000100000000)
  region size 1024K, 2 young (2048K), 2 survivors (2048K)
 Metaspace       used 53033K, committed 53568K, reserved 1114112K
  class space    used 6850K, committed 7104K, reserved 1048576K
}
Event: 16.474 GC heap before
{Heap before GC invocations=15 (full 0):
 garbage-first heap   total 58368K, used 45553K [0x00000000c1400000, 0x0000000100000000)
  region size 1024K, 25 young (25600K), 2 survivors (2048K)
 Metaspace       used 55810K, committed 56320K, reserved 1114112K
  class space    used 7192K, committed 7424K, reserved 1048576K
}
Event: 16.481 GC heap after
{Heap after GC invocations=16 (full 0):
 garbage-first heap   total 58368K, used 23452K [0x00000000c1400000, 0x0000000100000000)
  region size 1024K, 3 young (3072K), 3 survivors (3072K)
 Metaspace       used 55810K, committed 56320K, reserved 1114112K
  class space    used 7192K, committed 7424K, reserved 1048576K
}
Event: 17.338 GC heap before
{Heap before GC invocations=16 (full 0):
 garbage-first heap   total 58368K, used 44956K [0x00000000c1400000, 0x0000000100000000)
  region size 1024K, 25 young (25600K), 3 survivors (3072K)
 Metaspace       used 59517K, committed 60096K, reserved 1114112K
  class space    used 7768K, committed 8000K, reserved 1048576K
}
Event: 17.349 GC heap after
{Heap after GC invocations=17 (full 0):
 garbage-first heap   total 58368K, used 24915K [0x00000000c1400000, 0x0000000100000000)
  region size 1024K, 3 young (3072K), 3 survivors (3072K)
 Metaspace       used 59517K, committed 60096K, reserved 1114112K
  class space    used 7768K, committed 8000K, reserved 1048576K
}
Event: 17.716 GC heap before
{Heap before GC invocations=17 (full 0):
 garbage-first heap   total 58368K, used 34131K [0x00000000c1400000, 0x0000000100000000)
  region size 1024K, 13 young (13312K), 3 survivors (3072K)
 Metaspace       used 60249K, committed 60800K, reserved 1114112K
  class space    used 7867K, committed 8128K, reserved 1048576K
}
Event: 17.725 GC heap after
{Heap after GC invocations=18 (full 0):
 garbage-first heap   total 58368K, used 25572K [0x00000000c1400000, 0x0000000100000000)
  region size 1024K, 3 young (3072K), 3 survivors (3072K)
 Metaspace       used 60249K, committed 60800K, reserved 1114112K
  class space    used 7867K, committed 8128K, reserved 1048576K
}

