# JRE version: OpenJDK Runtime Environment Corretto-18.0.2.9.1 (18.0.2+9) (build 18.0.2+9-FR)
# Java VM: OpenJDK 64-Bit Server VM Corretto-18.0.2.9.1 (18.0.2+9-FR, mixed mode, sharing, tiered, compressed oops, compressed class ptrs, g1 gc, windows-amd64)
GC Precious Log:
 CardTable entry size: 512
 Card Set container configuration: InlinePtr #cards 5 size 8 Array Of Cards #cards 12 size 40 Howl #buckets 4 coarsen threshold 1843 Howl Bitmap #cards 512 size 80 coarsen threshold 460 Card regions per heap region 1 cards per card region 2048
 CPUs: 4 total, 4 available
 Memory: 4012M
 Large Page Support: Disabled
 NUMA Support: Disabled
 Compressed Oops: Enabled (32-bit)
 Heap Region Size: 1M
 Heap Min Capacity: 8M
 Heap Initial Capacity: 64M
 Heap Max Capacity: 1004M
 Pre-touch: Disabled
 Parallel Workers: 4
 Concurrent Workers: 1
 Concurrent Refinement Workers: 4
 Periodic GC: Disabled
Heap:
 garbage-first heap   total 53248K, used 31736K [0x00000000c1400000, 0x0000000100000000)
  region size 1024K, 5 young (5120K), 1 survivors (1024K)
 Metaspace       used 65187K, committed 65792K, reserved 1114112K
  class space    used 8650K, committed 8896K, reserved 1048576K
GC Heap History (20 events):
Event: 17.286 GC heap before
{Heap before GC invocations=10 (full 0):
 garbage-first heap   total 48128K, used 34360K [0x00000000c1400000, 0x0000000100000000)
  region size 1024K, 20 young (20480K), 3 survivors (3072K)
 Metaspace       used 41558K, committed 42048K, reserved 1114112K
  class space    used 5193K, committed 5440K, reserved 1048576K
}
Event: 17.293 GC heap after
{Heap after GC invocations=11 (full 0):
 garbage-first heap   total 48128K, used 19337K [0x00000000c1400000, 0x0000000100000000)
  region size 1024K, 2 young (2048K), 2 survivors (2048K)
 Metaspace       used 41558K, committed 42048K, reserved 1114112K
  class space    used 5193K, committed 5440K, reserved 1048576K
}
Event: 19.495 GC heap before
{Heap before GC invocations=11 (full 0):
 garbage-first heap   total 48128K, used 34697K [0x00000000c1400000, 0x0000000100000000)
  region size 1024K, 18 young (18432K), 2 survivors (2048K)
 Metaspace       used 44872K, committed 45440K, reserved 1114112K
  class space    used 5625K, committed 5888K, reserved 1048576K
}
Event: 19.503 GC heap after
{Heap after GC invocations=12 (full 0):
 garbage-first heap   total 48128K, used 20490K [0x00000000c1400000, 0x0000000100000000)
  region size 1024K, 3 young (3072K), 3 survivors (3072K)
 Metaspace       used 44872K, committed 45440K, reserved 1114112K
  class space    used 5625K, committed 5888K, reserved 1048576K
}
Event: 21.200 GC heap before
{Heap before GC invocations=12 (full 0):
 garbage-first heap   total 48128K, used 35850K [0x00000000c1400000, 0x0000000100000000)
  region size 1024K, 19 young (19456K), 3 survivors (3072K)
 Metaspace       used 49935K, committed 50432K, reserved 1114112K
  class space    used 6495K, committed 6720K, reserved 1048576K
}
Event: 21.206 GC heap after
{Heap after GC invocations=13 (full 0):
 garbage-first heap   total 48128K, used 21404K [0x00000000c1400000, 0x0000000100000000)
  region size 1024K, 3 young (3072K), 3 survivors (3072K)
 Metaspace       used 49935K, committed 50432K, reserved 1114112K
  class space    used 6495K, committed 6720K, reserved 1048576K
}
Event: 22.428 GC heap before
{Heap before GC invocations=13 (full 0):
 garbage-first heap   total 48128K, used 36764K [0x00000000c1400000, 0x0000000100000000)
  region size 1024K, 18 young (18432K), 3 survivors (3072K)
 Metaspace       used 53152K, committed 53696K, reserved 1114112K
  class space    used 6923K, committed 7168K, reserved 1048576K
}
Event: 22.434 GC heap after
{Heap after GC invocations=14 (full 0):
 garbage-first heap   total 48128K, used 22532K [0x00000000c1400000, 0x0000000100000000)
  region size 1024K, 2 young (2048K), 2 survivors (2048K)
 Metaspace       used 53152K, committed 53696K, reserved 1114112K
  class space    used 6923K, committed 7168K, reserved 1048576K
}
Event: 23.479 GC heap before
{Heap before GC invocations=14 (full 0):
 garbage-first heap   total 48128K, used 37892K [0x00000000c1400000, 0x0000000100000000)
  region size 1024K, 17 young (17408K), 2 survivors (2048K)
 Metaspace       used 55055K, committed 55552K, reserved 1114112K
  class space    used 7173K, committed 7424K, reserved 1048576K
}
Event: 23.486 GC heap after
{Heap after GC invocations=15 (full 0):
 garbage-first heap   total 48128K, used 23427K [0x00000000c1400000, 0x0000000100000000)
  region size 1024K, 3 young (3072K), 3 survivors (3072K)
 Metaspace       used 55055K, committed 55552K, reserved 1114112K
  class space    used 7173K, committed 7424K, reserved 1048576K
}
Event: 24.370 GC heap before
{Heap before GC invocations=15 (full 0):
 garbage-first heap   total 48128K, used 35715K [0x00000000c1400000, 0x0000000100000000)
  region size 1024K, 16 young (16384K), 3 survivors (3072K)
 Metaspace       used 57643K, committed 58176K, reserved 1114112K
  class space    used 7622K, committed 7872K, reserved 1048576K
}
Event: 24.377 GC heap after
{Heap after GC invocations=16 (full 0):
 garbage-first heap   total 48128K, used 24725K [0x00000000c1400000, 0x0000000100000000)
  region size 1024K, 2 young (2048K), 2 survivors (2048K)
 Metaspace       used 57643K, committed 58176K, reserved 1114112K
  class space    used 7622K, committed 7872K, reserved 1048576K
}
Event: 25.559 GC heap before
{Heap before GC invocations=17 (full 0):
 garbage-first heap   total 48128K, used 37013K [0x00000000c1400000, 0x0000000100000000)
  region size 1024K, 15 young (15360K), 2 survivors (2048K)
 Metaspace       used 58618K, committed 59200K, reserved 1114112K
  class space    used 7781K, committed 8064K, reserved 1048576K
}
Event: 25.565 GC heap after
{Heap after GC invocations=18 (full 0):
 garbage-first heap   total 48128K, used 25484K [0x00000000c1400000, 0x0000000100000000)
  region size 1024K, 1 young (1024K), 1 survivors (1024K)
 Metaspace       used 58618K, committed 59200K, reserved 1114112K
  class space    used 7781K, committed 8064K, reserved 1048576K
}
Event: 26.633 GC heap before
{Heap before GC invocations=18 (full 0):
 garbage-first heap   total 48128K, used 37772K [0x00000000c1400000, 0x0000000100000000)
  region size 1024K, 13 young (13312K), 1 survivors (1024K)
 Metaspace       used 59460K, committed 60032K, reserved 1114112K
  class space    used 7896K, committed 8192K, reserved 1048576K
}
Event: 26.637 GC heap after
{Heap after GC invocations=19 (full 0):
 garbage-first heap   total 48128K, used 26373K [0x00000000c1400000, 0x0000000100000000)
  region size 1024K, 2 young (2048K), 2 survivors (2048K)
 Metaspace       used 59460K, committed 60032K, reserved 1114112K
  class space    used 7896K, committed 8192K, reserved 1048576K
}
Event: 28.507 GC heap before
{Heap before GC invocations=20 (full 0):
 garbage-first heap   total 50176K, used 38661K [0x00000000c1400000, 0x0000000100000000)
  region size 1024K, 14 young (14336K), 2 survivors (2048K)
 Metaspace       used 61027K, committed 61632K, reserved 1114112K
  class space    used 8110K, committed 8384K, reserved 1048576K
}
Event: 28.515 GC heap after
{Heap after GC invocations=21 (full 0):
 garbage-first heap   total 50176K, used 27803K [0x00000000c1400000, 0x0000000100000000)
  region size 1024K, 2 young (2048K), 2 survivors (2048K)
 Metaspace       used 61027K, committed 61632K, reserved 1114112K
  class space    used 8110K, committed 8384K, reserved 1048576K
}
Event: 40.897 GC heap before
{Heap before GC invocations=21 (full 0):
 garbage-first heap   total 50176K, used 38043K [0x00000000c1400000, 0x0000000100000000)
  region size 1024K, 13 young (13312K), 2 survivors (2048K)
 Metaspace       used 64296K, committed 64832K, reserved 1114112K
  class space    used 8534K, committed 8768K, reserved 1048576K
}
Event: 40.904 GC heap after
{Heap after GC invocations=22 (full 0):
 garbage-first heap   total 50176K, used 28664K [0x00000000c1400000, 0x0000000100000000)
  region size 1024K, 1 young (1024K), 1 survivors (1024K)
 Metaspace       used 64296K, committed 64832K, reserved 1114112K
  class space    used 8534K, committed 8768K, reserved 1048576K
}

