# JRE version: OpenJDK Runtime Environment Corretto-18.0.2.9.1 (18.0.2+9) (build 18.0.2+9-FR)
# Java VM: OpenJDK 64-Bit Server VM Corretto-18.0.2.9.1 (18.0.2+9-FR, mixed mode, sharing, tiered, compressed oops, compressed class ptrs, g1 gc, windows-amd64)
GC Precious Log:
 CardTable entry size: 512
 Card Set container configuration: InlinePtr #cards 5 size 8 Array Of Cards #cards 12 size 40 Howl #buckets 4 coarsen threshold 1843 Howl Bitmap #cards 512 size 80 coarsen threshold 460 Card regions per heap region 1 cards per card region 2048
 CPUs: 4 total, 4 available
 Memory: 4012M
 Large Page Support: Disabled
 NUMA Support: Disabled
 Compressed Oops: Enabled (32-bit)
 Heap Region Size: 1M
 Heap Min Capacity: 8M
 Heap Initial Capacity: 64M
 Heap Max Capacity: 1004M
 Pre-touch: Disabled
 Parallel Workers: 4
 Concurrent Workers: 1
 Concurrent Refinement Workers: 4
 Periodic GC: Disabled
Heap:
 garbage-first heap   total 58368K, used 34451K [0x00000000c1400000, 0x0000000100000000)
  region size 1024K, 7 young (7168K), 2 survivors (2048K)
 Metaspace       used 69175K, committed 69888K, reserved 1114112K
  class space    used 9350K, committed 9664K, reserved 1048576K
GC Heap History (20 events):
Event: 20.130 GC heap before
{Heap before GC invocations=13 (full 0):
 garbage-first heap   total 48128K, used 36033K [0x00000000c1400000, 0x0000000100000000)
  region size 1024K, 18 young (18432K), 3 survivors (3072K)
 Metaspace       used 51220K, committed 51840K, reserved 1114112K
  class space    used 6613K, committed 6912K, reserved 1048576K
}
Event: 20.137 GC heap after
{Heap after GC invocations=14 (full 0):
 garbage-first heap   total 48128K, used 22625K [0x00000000c1400000, 0x0000000100000000)
  region size 1024K, 3 young (3072K), 3 survivors (3072K)
 Metaspace       used 51220K, committed 51840K, reserved 1114112K
  class space    used 6613K, committed 6912K, reserved 1048576K
}
Event: 21.300 GC heap before
{Heap before GC invocations=14 (full 0):
 garbage-first heap   total 48128K, used 37985K [0x00000000c1400000, 0x0000000100000000)
  region size 1024K, 18 young (18432K), 3 survivors (3072K)
 Metaspace       used 54449K, committed 54976K, reserved 1114112K
  class space    used 7099K, committed 7360K, reserved 1048576K
}
Event: 21.305 GC heap after
{Heap after GC invocations=15 (full 0):
 garbage-first heap   total 48128K, used 23033K [0x00000000c1400000, 0x0000000100000000)
  region size 1024K, 2 young (2048K), 2 survivors (2048K)
 Metaspace       used 54449K, committed 54976K, reserved 1114112K
  class space    used 7099K, committed 7360K, reserved 1048576K
}
Event: 22.103 GC heap before
{Heap before GC invocations=15 (full 0):
 garbage-first heap   total 48128K, used 36345K [0x00000000c1400000, 0x0000000100000000)
  region size 1024K, 16 young (16384K), 2 survivors (2048K)
 Metaspace       used 57639K, committed 58240K, reserved 1114112K
  class space    used 7509K, committed 7808K, reserved 1048576K
}
Event: 22.109 GC heap after
{Heap after GC invocations=16 (full 0):
 garbage-first heap   total 48128K, used 24384K [0x00000000c1400000, 0x0000000100000000)
  region size 1024K, 2 young (2048K), 2 survivors (2048K)
 Metaspace       used 57639K, committed 58240K, reserved 1114112K
  class space    used 7509K, committed 7808K, reserved 1048576K
}
Event: 22.603 GC heap before
{Heap before GC invocations=17 (full 0):
 garbage-first heap   total 48128K, used 37696K [0x00000000c1400000, 0x0000000100000000)
  region size 1024K, 15 young (15360K), 2 survivors (2048K)
 Metaspace       used 58739K, committed 59392K, reserved 1114112K
  class space    used 7758K, committed 8064K, reserved 1048576K
}
Event: 22.610 GC heap after
{Heap after GC invocations=18 (full 0):
 garbage-first heap   total 48128K, used 25189K [0x00000000c1400000, 0x0000000100000000)
  region size 1024K, 1 young (1024K), 1 survivors (1024K)
 Metaspace       used 58739K, committed 59392K, reserved 1114112K
  class space    used 7758K, committed 8064K, reserved 1048576K
}
Event: 22.862 GC heap before
{Heap before GC invocations=18 (full 0):
 garbage-first heap   total 48128K, used 38501K [0x00000000c1400000, 0x0000000100000000)
  region size 1024K, 14 young (14336K), 1 survivors (1024K)
 Metaspace       used 58900K, committed 59520K, reserved 1114112K
  class space    used 7766K, committed 8064K, reserved 1048576K
}
Event: 22.867 GC heap after
{Heap after GC invocations=19 (full 0):
 garbage-first heap   total 48128K, used 25536K [0x00000000c1400000, 0x0000000100000000)
  region size 1024K, 2 young (2048K), 2 survivors (2048K)
 Metaspace       used 58900K, committed 59520K, reserved 1114112K
  class space    used 7766K, committed 8064K, reserved 1048576K
}
Event: 23.484 GC heap before
{Heap before GC invocations=20 (full 0):
 garbage-first heap   total 53248K, used 37824K [0x00000000c1400000, 0x0000000100000000)
  region size 1024K, 15 young (15360K), 2 survivors (2048K)
 Metaspace       used 60585K, committed 61120K, reserved 1114112K
  class space    used 8060K, committed 8320K, reserved 1048576K
}
Event: 23.489 GC heap after
{Heap after GC invocations=21 (full 0):
 garbage-first heap   total 53248K, used 26707K [0x00000000c1400000, 0x0000000100000000)
  region size 1024K, 2 young (2048K), 2 survivors (2048K)
 Metaspace       used 60585K, committed 61120K, reserved 1114112K
  class space    used 8060K, committed 8320K, reserved 1048576K
}
Event: 24.024 GC heap before
{Heap before GC invocations=21 (full 0):
 garbage-first heap   total 53248K, used 41043K [0x00000000c1400000, 0x0000000100000000)
  region size 1024K, 17 young (17408K), 2 survivors (2048K)
 Metaspace       used 62700K, committed 63296K, reserved 1114112K
  class space    used 8442K, committed 8704K, reserved 1048576K
}
Event: 24.035 GC heap after
{Heap after GC invocations=22 (full 0):
 garbage-first heap   total 53248K, used 27690K [0x00000000c1400000, 0x0000000100000000)
  region size 1024K, 3 young (3072K), 3 survivors (3072K)
 Metaspace       used 62700K, committed 63296K, reserved 1114112K
  class space    used 8442K, committed 8704K, reserved 1048576K
}
Event: 24.594 GC heap before
{Heap before GC invocations=23 (full 0):
 garbage-first heap   total 53248K, used 41002K [0x00000000c1400000, 0x0000000100000000)
  region size 1024K, 16 young (16384K), 3 survivors (3072K)
 Metaspace       used 64347K, committed 64960K, reserved 1114112K
  class space    used 8695K, committed 8960K, reserved 1048576K
}
Event: 24.602 GC heap after
{Heap after GC invocations=24 (full 0):
 garbage-first heap   total 53248K, used 28431K [0x00000000c1400000, 0x0000000100000000)
  region size 1024K, 1 young (1024K), 1 survivors (1024K)
 Metaspace       used 64347K, committed 64960K, reserved 1114112K
  class space    used 8695K, committed 8960K, reserved 1048576K
}
Event: 25.492 GC heap before
{Heap before GC invocations=24 (full 0):
 garbage-first heap   total 53248K, used 42767K [0x00000000c1400000, 0x0000000100000000)
  region size 1024K, 15 young (15360K), 1 survivors (1024K)
 Metaspace       used 66173K, committed 66816K, reserved 1114112K
  class space    used 8943K, committed 9216K, reserved 1048576K
}
Event: 25.500 GC heap after
{Heap after GC invocations=25 (full 0):
 garbage-first heap   total 53248K, used 30048K [0x00000000c1400000, 0x0000000100000000)
  region size 1024K, 2 young (2048K), 2 survivors (2048K)
 Metaspace       used 66173K, committed 66816K, reserved 1114112K
  class space    used 8943K, committed 9216K, reserved 1048576K
}
Event: 26.061 GC heap before
{Heap before GC invocations=26 (full 0):
 garbage-first heap   total 58368K, used 42336K [0x00000000c1400000, 0x0000000100000000)
  region size 1024K, 14 young (14336K), 2 survivors (2048K)
 Metaspace       used 67875K, committed 68544K, reserved 1114112K
  class space    used 9200K, committed 9536K, reserved 1048576K
}
Event: 26.068 GC heap after
{Heap after GC invocations=27 (full 0):
 garbage-first heap   total 58368K, used 31379K [0x00000000c1400000, 0x0000000100000000)
  region size 1024K, 2 young (2048K), 2 survivors (2048K)
 Metaspace       used 67875K, committed 68544K, reserved 1114112K
  class space    used 9200K, committed 9536K, reserved 1048576K
}

