# JRE version: OpenJDK Runtime Environment Corretto-18.0.2.9.1 (18.0.2+9) (build 18.0.2+9-FR)
# Java VM: OpenJDK 64-Bit Server VM Corretto-18.0.2.9.1 (18.0.2+9-FR, mixed mode, sharing, tiered, compressed oops, compressed class ptrs, g1 gc, windows-amd64)
GC Precious Log:
 CardTable entry size: 512
 Card Set container configuration: InlinePtr #cards 5 size 8 Array Of Cards #cards 12 size 40 Howl #buckets 4 coarsen threshold 1843 Howl Bitmap #cards 512 size 80 coarsen threshold 460 Card regions per heap region 1 cards per card region 2048
 CPUs: 4 total, 4 available
 Memory: 4012M
 Large Page Support: Disabled
 NUMA Support: Disabled
 Compressed Oops: Enabled (32-bit)
 Heap Region Size: 1M
 Heap Min Capacity: 8M
 Heap Initial Capacity: 64M
 Heap Max Capacity: 1004M
 Pre-touch: Disabled
 Parallel Workers: 4
 Concurrent Workers: 1
 Concurrent Refinement Workers: 4
 Periodic GC: Disabled
Heap:
 garbage-first heap   total 58368K, used 34684K [0x00000000c1400000, 0x0000000100000000)
  region size 1024K, 17 young (17408K), 4 survivors (4096K)
 Metaspace       used 56530K, committed 57024K, reserved 1114112K
  class space    used 7347K, committed 7552K, reserved 1048576K
GC Heap History (20 events):
Event: 5.781 GC heap before
{Heap before GC invocations=4 (full 0):
 garbage-first heap   total 65536K, used 28514K [0x00000000c1400000, 0x0000000100000000)
  region size 1024K, 22 young (22528K), 4 survivors (4096K)
 Metaspace       used 21183K, committed 21504K, reserved 1114112K
  class space    used 2593K, committed 2752K, reserved 1048576K
}
Event: 5.808 GC heap after
{Heap after GC invocations=5 (full 0):
 garbage-first heap   total 65536K, used 12869K [0x00000000c1400000, 0x0000000100000000)
  region size 1024K, 4 young (4096K), 4 survivors (4096K)
 Metaspace       used 21183K, committed 21504K, reserved 1114112K
  class space    used 2593K, committed 2752K, reserved 1048576K
}
Event: 7.538 GC heap before
{Heap before GC invocations=6 (full 0):
 garbage-first heap   total 48128K, used 37445K [0x00000000c1400000, 0x0000000100000000)
  region size 1024K, 28 young (28672K), 4 survivors (4096K)
 Metaspace       used 26916K, committed 27392K, reserved 1114112K
  class space    used 3352K, committed 3584K, reserved 1048576K
}
Event: 7.551 GC heap after
{Heap after GC invocations=7 (full 0):
 garbage-first heap   total 48128K, used 15496K [0x00000000c1400000, 0x0000000100000000)
  region size 1024K, 4 young (4096K), 4 survivors (4096K)
 Metaspace       used 26916K, committed 27392K, reserved 1114112K
  class space    used 3352K, committed 3584K, reserved 1048576K
}
Event: 7.576 GC heap before
{Heap before GC invocations=7 (full 0):
 garbage-first heap   total 48128K, used 16520K [0x00000000c1400000, 0x0000000100000000)
  region size 1024K, 5 young (5120K), 4 survivors (4096K)
 Metaspace       used 27012K, committed 27456K, reserved 1114112K
  class space    used 3365K, committed 3584K, reserved 1048576K
}
Event: 7.585 GC heap after
{Heap after GC invocations=8 (full 0):
 garbage-first heap   total 48128K, used 16575K [0x00000000c1400000, 0x0000000100000000)
  region size 1024K, 1 young (1024K), 1 survivors (1024K)
 Metaspace       used 27012K, committed 27456K, reserved 1114112K
  class space    used 3365K, committed 3584K, reserved 1048576K
}
Event: 8.424 GC heap before
{Heap before GC invocations=8 (full 0):
 garbage-first heap   total 48128K, used 32959K [0x00000000c1400000, 0x0000000100000000)
  region size 1024K, 18 young (18432K), 1 survivors (1024K)
 Metaspace       used 31727K, committed 32192K, reserved 1114112K
  class space    used 3998K, committed 4224K, reserved 1048576K
}
Event: 8.428 GC heap after
{Heap after GC invocations=9 (full 0):
 garbage-first heap   total 48128K, used 17156K [0x00000000c1400000, 0x0000000100000000)
  region size 1024K, 2 young (2048K), 2 survivors (2048K)
 Metaspace       used 31727K, committed 32192K, reserved 1114112K
  class space    used 3998K, committed 4224K, reserved 1048576K
}
Event: 9.003 GC heap before
{Heap before GC invocations=9 (full 0):
 garbage-first heap   total 48128K, used 28420K [0x00000000c1400000, 0x0000000100000000)
  region size 1024K, 14 young (14336K), 2 survivors (2048K)
 Metaspace       used 35479K, committed 35968K, reserved 1114112K
  class space    used 4474K, committed 4736K, reserved 1048576K
}
Event: 9.009 GC heap after
{Heap after GC invocations=10 (full 0):
 garbage-first heap   total 48128K, used 17768K [0x00000000c1400000, 0x0000000100000000)
  region size 1024K, 3 young (3072K), 3 survivors (3072K)
 Metaspace       used 35479K, committed 35968K, reserved 1114112K
  class space    used 4474K, committed 4736K, reserved 1048576K
}
Event: 10.046 GC heap before
{Heap before GC invocations=11 (full 0):
 garbage-first heap   total 48128K, used 34152K [0x00000000c1400000, 0x0000000100000000)
  region size 1024K, 20 young (20480K), 3 survivors (3072K)
 Metaspace       used 41651K, committed 42176K, reserved 1114112K
  class space    used 5212K, committed 5440K, reserved 1048576K
}
Event: 10.053 GC heap after
{Heap after GC invocations=12 (full 0):
 garbage-first heap   total 48128K, used 18971K [0x00000000c1400000, 0x0000000100000000)
  region size 1024K, 2 young (2048K), 2 survivors (2048K)
 Metaspace       used 41651K, committed 42176K, reserved 1114112K
  class space    used 5212K, committed 5440K, reserved 1048576K
}
Event: 10.094 GC heap before
{Heap before GC invocations=12 (full 0):
 garbage-first heap   total 48128K, used 19995K [0x00000000c1400000, 0x0000000100000000)
  region size 1024K, 3 young (3072K), 2 survivors (2048K)
 Metaspace       used 41852K, committed 42368K, reserved 1114112K
  class space    used 5245K, committed 5504K, reserved 1048576K
}
Event: 10.101 GC heap after
{Heap after GC invocations=13 (full 0):
 garbage-first heap   total 48128K, used 18970K [0x00000000c1400000, 0x0000000100000000)
  region size 1024K, 1 young (1024K), 1 survivors (1024K)
 Metaspace       used 41852K, committed 42368K, reserved 1114112K
  class space    used 5245K, committed 5504K, reserved 1048576K
}
Event: 10.697 GC heap before
{Heap before GC invocations=13 (full 0):
 garbage-first heap   total 48128K, used 34330K [0x00000000c1400000, 0x0000000100000000)
  region size 1024K, 17 young (17408K), 1 survivors (1024K)
 Metaspace       used 45393K, committed 45888K, reserved 1114112K
  class space    used 5667K, committed 5888K, reserved 1048576K
}
Event: 10.700 GC heap after
{Heap after GC invocations=14 (full 0):
 garbage-first heap   total 48128K, used 19966K [0x00000000c1400000, 0x0000000100000000)
  region size 1024K, 2 young (2048K), 2 survivors (2048K)
 Metaspace       used 45393K, committed 45888K, reserved 1114112K
  class space    used 5667K, committed 5888K, reserved 1048576K
}
Event: 11.492 GC heap before
{Heap before GC invocations=14 (full 0):
 garbage-first heap   total 48128K, used 35326K [0x00000000c1400000, 0x0000000100000000)
  region size 1024K, 18 young (18432K), 2 survivors (2048K)
 Metaspace       used 50096K, committed 50624K, reserved 1114112K
  class space    used 6525K, committed 6784K, reserved 1048576K
}
Event: 11.497 GC heap after
{Heap after GC invocations=15 (full 0):
 garbage-first heap   total 58368K, used 20755K [0x00000000c1400000, 0x0000000100000000)
  region size 1024K, 2 young (2048K), 2 survivors (2048K)
 Metaspace       used 50096K, committed 50624K, reserved 1114112K
  class space    used 6525K, committed 6784K, reserved 1048576K
}
Event: 12.366 GC heap before
{Heap before GC invocations=15 (full 0):
 garbage-first heap   total 58368K, used 44307K [0x00000000c1400000, 0x0000000100000000)
  region size 1024K, 26 young (26624K), 2 survivors (2048K)
 Metaspace       used 54803K, committed 55296K, reserved 1114112K
  class space    used 7143K, committed 7360K, reserved 1048576K
}
Event: 12.373 GC heap after
{Heap after GC invocations=16 (full 0):
 garbage-first heap   total 58368K, used 22396K [0x00000000c1400000, 0x0000000100000000)
  region size 1024K, 4 young (4096K), 4 survivors (4096K)
 Metaspace       used 54803K, committed 55296K, reserved 1114112K
  class space    used 7143K, committed 7360K, reserved 1048576K
}

