# JRE version: OpenJDK Runtime Environment Corretto-18.0.2.9.1 (18.0.2+9) (build 18.0.2+9-FR)
# Java VM: OpenJDK 64-Bit Server VM Corretto-18.0.2.9.1 (18.0.2+9-FR, mixed mode, sharing, tiered, compressed oops, compressed class ptrs, g1 gc, windows-amd64)
GC Precious Log:
 CardTable entry size: 512
 Card Set container configuration: InlinePtr #cards 5 size 8 Array Of Cards #cards 12 size 40 Howl #buckets 4 coarsen threshold 1843 Howl Bitmap #cards 512 size 80 coarsen threshold 460 Card regions per heap region 1 cards per card region 2048
 CPUs: 4 total, 4 available
 Memory: 4012M
 Large Page Support: Disabled
 NUMA Support: Disabled
 Compressed Oops: Enabled (32-bit)
 Heap Region Size: 1M
 Heap Min Capacity: 8M
 Heap Initial Capacity: 64M
 Heap Max Capacity: 1004M
 Pre-touch: Disabled
 Parallel Workers: 4
 Concurrent Workers: 1
 Concurrent Refinement Workers: 4
 Periodic GC: Disabled
Heap:
 garbage-first heap   total 48128K, used 17416K [0x00000000c1400000, 0x0000000100000000)
  region size 1024K, 2 young (2048K), 2 survivors (2048K)
 Metaspace       used 31814K, committed 32256K, reserved 1114112K
  class space    used 4007K, committed 4224K, reserved 1048576K
GC Heap History (15 events):
Event: 1.410 GC heap before
{Heap before GC invocations=0 (full 0):
 garbage-first heap   total 65536K, used 13312K [0x00000000c1400000, 0x0000000100000000)
  region size 1024K, 13 young (13312K), 0 survivors (0K)
 Metaspace       used 3766K, committed 3968K, reserved 1114112K
  class space    used 391K, committed 512K, reserved 1048576K
}
Event: 1.431 GC heap after
{Heap after GC invocations=1 (full 0):
 garbage-first heap   total 65536K, used 6304K [0x00000000c1400000, 0x0000000100000000)
  region size 1024K, 2 young (2048K), 2 survivors (2048K)
 Metaspace       used 3766K, committed 3968K, reserved 1114112K
  class space    used 391K, committed 512K, reserved 1048576K
}
Event: 2.214 GC heap before
{Heap before GC invocations=1 (full 0):
 garbage-first heap   total 65536K, used 16544K [0x00000000c1400000, 0x0000000100000000)
  region size 1024K, 12 young (12288K), 2 survivors (2048K)
 Metaspace       used 6680K, committed 6912K, reserved 1114112K
  class space    used 778K, committed 896K, reserved 1048576K
}
Event: 2.223 GC heap after
{Heap after GC invocations=2 (full 0):
 garbage-first heap   total 65536K, used 7427K [0x00000000c1400000, 0x0000000100000000)
  region size 1024K, 1 young (1024K), 1 survivors (1024K)
 Metaspace       used 6680K, committed 6912K, reserved 1114112K
  class space    used 778K, committed 896K, reserved 1048576K
}
Event: 3.206 GC heap before
{Heap before GC invocations=2 (full 0):
 garbage-first heap   total 65536K, used 27907K [0x00000000c1400000, 0x0000000100000000)
  region size 1024K, 22 young (22528K), 1 survivors (1024K)
 Metaspace       used 12372K, committed 12544K, reserved 1114112K
  class space    used 1455K, committed 1536K, reserved 1048576K
}
Event: 3.213 GC heap after
{Heap after GC invocations=3 (full 0):
 garbage-first heap   total 65536K, used 9195K [0x00000000c1400000, 0x0000000100000000)
  region size 1024K, 3 young (3072K), 3 survivors (3072K)
 Metaspace       used 12372K, committed 12544K, reserved 1114112K
  class space    used 1455K, committed 1536K, reserved 1048576K
}
Event: 5.119 GC heap before
{Heap before GC invocations=3 (full 0):
 garbage-first heap   total 65536K, used 39915K [0x00000000c1400000, 0x0000000100000000)
  region size 1024K, 34 young (34816K), 3 survivors (3072K)
 Metaspace       used 17850K, committed 18048K, reserved 1114112K
  class space    used 2119K, committed 2240K, reserved 1048576K
}
Event: 5.131 GC heap after
{Heap after GC invocations=4 (full 0):
 garbage-first heap   total 65536K, used 11482K [0x00000000c1400000, 0x0000000100000000)
  region size 1024K, 4 young (4096K), 4 survivors (4096K)
 Metaspace       used 17850K, committed 18048K, reserved 1114112K
  class space    used 2119K, committed 2240K, reserved 1048576K
}
Event: 6.276 GC heap before
{Heap before GC invocations=4 (full 0):
 garbage-first heap   total 65536K, used 29914K [0x00000000c1400000, 0x0000000100000000)
  region size 1024K, 23 young (23552K), 4 survivors (4096K)
 Metaspace       used 21185K, committed 21504K, reserved 1114112K
  class space    used 2593K, committed 2752K, reserved 1048576K
}
Event: 6.294 GC heap after
{Heap after GC invocations=5 (full 0):
 garbage-first heap   total 65536K, used 13230K [0x00000000c1400000, 0x0000000100000000)
  region size 1024K, 4 young (4096K), 4 survivors (4096K)
 Metaspace       used 21185K, committed 21504K, reserved 1114112K
  class space    used 2593K, committed 2752K, reserved 1048576K
}
Event: 7.628 GC heap before
{Heap before GC invocations=6 (full 0):
 garbage-first heap   total 48128K, used 37806K [0x00000000c1400000, 0x0000000100000000)
  region size 1024K, 28 young (28672K), 4 survivors (4096K)
 Metaspace       used 26915K, committed 27328K, reserved 1114112K
  class space    used 3350K, committed 3520K, reserved 1048576K
}
Event: 7.642 GC heap after
{Heap after GC invocations=7 (full 0):
 garbage-first heap   total 48128K, used 15923K [0x00000000c1400000, 0x0000000100000000)
  region size 1024K, 4 young (4096K), 4 survivors (4096K)
 Metaspace       used 26915K, committed 27328K, reserved 1114112K
  class space    used 3350K, committed 3520K, reserved 1048576K
}
Event: 7.672 GC heap before
{Heap before GC invocations=7 (full 0):
 garbage-first heap   total 48128K, used 16947K [0x00000000c1400000, 0x0000000100000000)
  region size 1024K, 5 young (5120K), 4 survivors (4096K)
 Metaspace       used 27014K, committed 27456K, reserved 1114112K
  class space    used 3363K, committed 3584K, reserved 1048576K
}
Event: 7.680 GC heap after
{Heap after GC invocations=8 (full 0):
 garbage-first heap   total 48128K, used 16837K [0x00000000c1400000, 0x0000000100000000)
  region size 1024K, 1 young (1024K), 1 survivors (1024K)
 Metaspace       used 27014K, committed 27456K, reserved 1114112K
  class space    used 3363K, committed 3584K, reserved 1048576K
}
Event: 8.607 GC heap before
{Heap before GC invocations=8 (full 0):
 garbage-first heap   total 48128K, used 33221K [0x00000000c1400000, 0x0000000100000000)
  region size 1024K, 18 young (18432K), 1 survivors (1024K)
 Metaspace       used 31814K, committed 32256K, reserved 1114112K
  class space    used 4007K, committed 4224K, reserved 1048576K
}

