# JRE version: OpenJDK Runtime Environment Corretto-18.0.2.9.1 (18.0.2+9) (build 18.0.2+9-FR)
# Java VM: OpenJDK 64-Bit Server VM Corretto-18.0.2.9.1 (18.0.2+9-FR, mixed mode, sharing, tiered, compressed oops, compressed class ptrs, g1 gc, windows-amd64)
GC Precious Log:
 CardTable entry size: 512
 Card Set container configuration: InlinePtr #cards 5 size 8 Array Of Cards #cards 12 size 40 Howl #buckets 4 coarsen threshold 1843 Howl Bitmap #cards 512 size 80 coarsen threshold 460 Card regions per heap region 1 cards per card region 2048
 CPUs: 4 total, 4 available
 Memory: 4012M
 Large Page Support: Disabled
 NUMA Support: Disabled
 Compressed Oops: Enabled (32-bit)
 Heap Region Size: 1M
 Heap Min Capacity: 8M
 Heap Initial Capacity: 64M
 Heap Max Capacity: 1004M
 Pre-touch: Disabled
 Parallel Workers: 4
 Concurrent Workers: 1
 Concurrent Refinement Workers: 4
 Periodic GC: Disabled
Heap:
 garbage-first heap   total 48128K, used 29251K [0x00000000c1400000, 0x0000000100000000)
  region size 1024K, 18 young (18432K), 4 survivors (4096K)
 Metaspace       used 29583K, committed 30080K, reserved 1114112K
  class space    used 3656K, committed 3904K, reserved 1048576K
GC Heap History (12 events):
Event: 1.820 GC heap before
{Heap before GC invocations=0 (full 0):
 garbage-first heap   total 65536K, used 13312K [0x00000000c1400000, 0x0000000100000000)
  region size 1024K, 13 young (13312K), 0 survivors (0K)
 Metaspace       used 3519K, committed 3712K, reserved 1114112K
  class space    used 346K, committed 448K, reserved 1048576K
}
Event: 1.830 GC heap after
{Heap after GC invocations=1 (full 0):
 garbage-first heap   total 65536K, used 6176K [0x00000000c1400000, 0x0000000100000000)
  region size 1024K, 2 young (2048K), 2 survivors (2048K)
 Metaspace       used 3519K, committed 3712K, reserved 1114112K
  class space    used 346K, committed 448K, reserved 1048576K
}
Event: 2.959 GC heap before
{Heap before GC invocations=1 (full 0):
 garbage-first heap   total 65536K, used 17440K [0x00000000c1400000, 0x0000000100000000)
  region size 1024K, 13 young (13312K), 2 survivors (2048K)
 Metaspace       used 6880K, committed 7104K, reserved 1114112K
  class space    used 790K, committed 896K, reserved 1048576K
}
Event: 2.969 GC heap after
{Heap after GC invocations=2 (full 0):
 garbage-first heap   total 65536K, used 7308K [0x00000000c1400000, 0x0000000100000000)
  region size 1024K, 1 young (1024K), 1 survivors (1024K)
 Metaspace       used 6880K, committed 7104K, reserved 1114112K
  class space    used 790K, committed 896K, reserved 1048576K
}
Event: 4.017 GC heap before
{Heap before GC invocations=2 (full 0):
 garbage-first heap   total 65536K, used 27788K [0x00000000c1400000, 0x0000000100000000)
  region size 1024K, 22 young (22528K), 1 survivors (1024K)
 Metaspace       used 12515K, committed 12736K, reserved 1114112K
  class space    used 1444K, committed 1536K, reserved 1048576K
}
Event: 4.024 GC heap after
{Heap after GC invocations=3 (full 0):
 garbage-first heap   total 65536K, used 8998K [0x00000000c1400000, 0x0000000100000000)
  region size 1024K, 3 young (3072K), 3 survivors (3072K)
 Metaspace       used 12515K, committed 12736K, reserved 1114112K
  class space    used 1444K, committed 1536K, reserved 1048576K
}
Event: 5.761 GC heap before
{Heap before GC invocations=3 (full 0):
 garbage-first heap   total 65536K, used 39718K [0x00000000c1400000, 0x0000000100000000)
  region size 1024K, 34 young (34816K), 3 survivors (3072K)
 Metaspace       used 17868K, committed 18176K, reserved 1114112K
  class space    used 2108K, committed 2240K, reserved 1048576K
}
Event: 5.773 GC heap after
{Heap after GC invocations=4 (full 0):
 garbage-first heap   total 65536K, used 11410K [0x00000000c1400000, 0x0000000100000000)
  region size 1024K, 5 young (5120K), 5 survivors (5120K)
 Metaspace       used 17868K, committed 18176K, reserved 1114112K
  class space    used 2108K, committed 2240K, reserved 1048576K
}
Event: 6.956 GC heap before
{Heap before GC invocations=4 (full 0):
 garbage-first heap   total 65536K, used 29842K [0x00000000c1400000, 0x0000000100000000)
  region size 1024K, 24 young (24576K), 5 survivors (5120K)
 Metaspace       used 21139K, committed 21504K, reserved 1114112K
  class space    used 2557K, committed 2752K, reserved 1048576K
}
Event: 6.978 GC heap after
{Heap after GC invocations=5 (full 0):
 garbage-first heap   total 65536K, used 13034K [0x00000000c1400000, 0x0000000100000000)
  region size 1024K, 4 young (4096K), 4 survivors (4096K)
 Metaspace       used 21139K, committed 21504K, reserved 1114112K
  class space    used 2557K, committed 2752K, reserved 1048576K
}
Event: 9.172 GC heap before
{Heap before GC invocations=6 (full 0):
 garbage-first heap   total 48128K, used 37610K [0x00000000c1400000, 0x0000000100000000)
  region size 1024K, 28 young (28672K), 4 survivors (4096K)
 Metaspace       used 26743K, committed 27200K, reserved 1114112K
  class space    used 3307K, committed 3520K, reserved 1048576K
}
Event: 9.204 GC heap after
{Heap after GC invocations=7 (full 0):
 garbage-first heap   total 48128K, used 15939K [0x00000000c1400000, 0x0000000100000000)
  region size 1024K, 4 young (4096K), 4 survivors (4096K)
 Metaspace       used 26743K, committed 27200K, reserved 1114112K
  class space    used 3307K, committed 3520K, reserved 1048576K
}

