# JRE version: OpenJDK Runtime Environment Corretto-18.0.2.9.1 (18.0.2+9) (build 18.0.2+9-FR)
# Java VM: OpenJDK 64-Bit Server VM Corretto-18.0.2.9.1 (18.0.2+9-FR, mixed mode, sharing, tiered, compressed oops, compressed class ptrs, g1 gc, windows-amd64)
GC Precious Log:
 CardTable entry size: 512
 Card Set container configuration: InlinePtr #cards 5 size 8 Array Of Cards #cards 12 size 40 Howl #buckets 4 coarsen threshold 1843 Howl Bitmap #cards 512 size 80 coarsen threshold 460 Card regions per heap region 1 cards per card region 2048
 CPUs: 4 total, 4 available
 Memory: 4012M
 Large Page Support: Disabled
 NUMA Support: Disabled
 Compressed Oops: Enabled (32-bit)
 Heap Region Size: 1M
 Heap Min Capacity: 8M
 Heap Initial Capacity: 64M
 Heap Max Capacity: 1004M
 Pre-touch: Disabled
 Parallel Workers: 4
 Concurrent Workers: 1
 Concurrent Refinement Workers: 4
 Periodic GC: Disabled
Heap:
 garbage-first heap   total 58368K, used 39001K [0x00000000c1400000, 0x0000000100000000)
  region size 1024K, 10 young (10240K), 2 survivors (2048K)
 Metaspace       used 68102K, committed 68800K, reserved 1114112K
  class space    used 9230K, committed 9536K, reserved 1048576K
GC Heap History (20 events):
Event: 12.734 GC heap before
{Heap before GC invocations=11 (full 0):
 garbage-first heap   total 55296K, used 40797K [0x00000000c1400000, 0x0000000100000000)
  region size 1024K, 22 young (22528K), 2 survivors (2048K)
 Metaspace       used 47406K, committed 47936K, reserved 1114112K
  class space    used 5954K, committed 6208K, reserved 1048576K
}
Event: 12.742 GC heap after
{Heap after GC invocations=12 (full 0):
 garbage-first heap   total 55296K, used 22893K [0x00000000c1400000, 0x0000000100000000)
  region size 1024K, 3 young (3072K), 3 survivors (3072K)
 Metaspace       used 47406K, committed 47936K, reserved 1114112K
  class space    used 5954K, committed 6208K, reserved 1048576K
}
Event: 13.710 GC heap before
{Heap before GC invocations=12 (full 0):
 garbage-first heap   total 55296K, used 40301K [0x00000000c1400000, 0x0000000100000000)
  region size 1024K, 21 young (21504K), 3 survivors (3072K)
 Metaspace       used 52988K, committed 53568K, reserved 1114112K
  class space    used 6914K, committed 7168K, reserved 1048576K
}
Event: 13.717 GC heap after
{Heap after GC invocations=13 (full 0):
 garbage-first heap   total 55296K, used 23758K [0x00000000c1400000, 0x0000000100000000)
  region size 1024K, 3 young (3072K), 3 survivors (3072K)
 Metaspace       used 52988K, committed 53568K, reserved 1114112K
  class space    used 6914K, committed 7168K, reserved 1048576K
}
Event: 14.534 GC heap before
{Heap before GC invocations=13 (full 0):
 garbage-first heap   total 55296K, used 42190K [0x00000000c1400000, 0x0000000100000000)
  region size 1024K, 21 young (21504K), 3 survivors (3072K)
 Metaspace       used 56753K, committed 57408K, reserved 1114112K
  class space    used 7429K, committed 7744K, reserved 1048576K
}
Event: 14.541 GC heap after
{Heap after GC invocations=14 (full 0):
 garbage-first heap   total 55296K, used 25152K [0x00000000c1400000, 0x0000000100000000)
  region size 1024K, 3 young (3072K), 3 survivors (3072K)
 Metaspace       used 56753K, committed 57408K, reserved 1114112K
  class space    used 7429K, committed 7744K, reserved 1048576K
}
Event: 15.220 GC heap before
{Heap before GC invocations=14 (full 0):
 garbage-first heap   total 55296K, used 42560K [0x00000000c1400000, 0x0000000100000000)
  region size 1024K, 20 young (20480K), 3 survivors (3072K)
 Metaspace       used 59124K, committed 59776K, reserved 1114112K
  class space    used 7758K, committed 8064K, reserved 1048576K
}
Event: 15.226 GC heap after
{Heap after GC invocations=15 (full 0):
 garbage-first heap   total 55296K, used 26072K [0x00000000c1400000, 0x0000000100000000)
  region size 1024K, 3 young (3072K), 3 survivors (3072K)
 Metaspace       used 59124K, committed 59776K, reserved 1114112K
  class space    used 7758K, committed 8064K, reserved 1048576K
}
Event: 15.589 GC heap before
{Heap before GC invocations=15 (full 0):
 garbage-first heap   total 55296K, used 43480K [0x00000000c1400000, 0x0000000100000000)
  region size 1024K, 20 young (20480K), 3 survivors (3072K)
 Metaspace       used 59782K, committed 60416K, reserved 1114112K
  class space    used 7807K, committed 8064K, reserved 1048576K
}
Event: 15.595 GC heap after
{Heap after GC invocations=16 (full 0):
 garbage-first heap   total 55296K, used 26736K [0x00000000c1400000, 0x0000000100000000)
  region size 1024K, 2 young (2048K), 2 survivors (2048K)
 Metaspace       used 59782K, committed 60416K, reserved 1114112K
  class space    used 7807K, committed 8064K, reserved 1048576K
}
Event: 15.727 GC heap before
{Heap before GC invocations=16 (full 0):
 garbage-first heap   total 55296K, used 28784K [0x00000000c1400000, 0x0000000100000000)
  region size 1024K, 5 young (5120K), 2 survivors (2048K)
 Metaspace       used 60311K, committed 60928K, reserved 1114112K
  class space    used 7896K, committed 8192K, reserved 1048576K
}
Event: 15.733 GC heap after
{Heap after GC invocations=17 (full 0):
 garbage-first heap   total 55296K, used 27002K [0x00000000c1400000, 0x0000000100000000)
  region size 1024K, 2 young (2048K), 2 survivors (2048K)
 Metaspace       used 60311K, committed 60928K, reserved 1114112K
  class space    used 7896K, committed 8192K, reserved 1048576K
}
Event: 16.350 GC heap before
{Heap before GC invocations=18 (full 0):
 garbage-first heap   total 55296K, used 41338K [0x00000000c1400000, 0x0000000100000000)
  region size 1024K, 16 young (16384K), 2 survivors (2048K)
 Metaspace       used 62233K, committed 62848K, reserved 1114112K
  class space    used 8407K, committed 8704K, reserved 1048576K
}
Event: 16.356 GC heap after
{Heap after GC invocations=19 (full 0):
 garbage-first heap   total 55296K, used 28667K [0x00000000c1400000, 0x0000000100000000)
  region size 1024K, 2 young (2048K), 2 survivors (2048K)
 Metaspace       used 62233K, committed 62848K, reserved 1114112K
  class space    used 8407K, committed 8704K, reserved 1048576K
}
Event: 16.736 GC heap before
{Heap before GC invocations=19 (full 0):
 garbage-first heap   total 55296K, used 40955K [0x00000000c1400000, 0x0000000100000000)
  region size 1024K, 15 young (15360K), 2 survivors (2048K)
 Metaspace       used 63857K, committed 64448K, reserved 1114112K
  class space    used 8626K, committed 8896K, reserved 1048576K
}
Event: 16.741 GC heap after
{Heap after GC invocations=20 (full 0):
 garbage-first heap   total 55296K, used 29376K [0x00000000c1400000, 0x0000000100000000)
  region size 1024K, 1 young (1024K), 1 survivors (1024K)
 Metaspace       used 63857K, committed 64448K, reserved 1114112K
  class space    used 8626K, committed 8896K, reserved 1048576K
}
Event: 17.607 GC heap before
{Heap before GC invocations=21 (full 0):
 garbage-first heap   total 56320K, used 42688K [0x00000000c1400000, 0x0000000100000000)
  region size 1024K, 14 young (14336K), 1 survivors (1024K)
 Metaspace       used 65209K, committed 65856K, reserved 1114112K
  class space    used 8823K, committed 9152K, reserved 1048576K
}
Event: 17.612 GC heap after
{Heap after GC invocations=22 (full 0):
 garbage-first heap   total 56320K, used 30507K [0x00000000c1400000, 0x0000000100000000)
  region size 1024K, 2 young (2048K), 2 survivors (2048K)
 Metaspace       used 65209K, committed 65856K, reserved 1114112K
  class space    used 8823K, committed 9152K, reserved 1048576K
}
Event: 18.351 GC heap before
{Heap before GC invocations=22 (full 0):
 garbage-first heap   total 56320K, used 42795K [0x00000000c1400000, 0x0000000100000000)
  region size 1024K, 15 young (15360K), 2 survivors (2048K)
 Metaspace       used 67026K, committed 67712K, reserved 1114112K
  class space    used 9068K, committed 9408K, reserved 1048576K
}
Event: 18.358 GC heap after
{Heap after GC invocations=23 (full 0):
 garbage-first heap   total 56320K, used 31833K [0x00000000c1400000, 0x0000000100000000)
  region size 1024K, 2 young (2048K), 2 survivors (2048K)
 Metaspace       used 67026K, committed 67712K, reserved 1114112K
  class space    used 9068K, committed 9408K, reserved 1048576K
}

