# JRE version: OpenJDK Runtime Environment Corretto-18.0.2.9.1 (18.0.2+9) (build 18.0.2+9-FR)
# Java VM: OpenJDK 64-Bit Server VM Corretto-18.0.2.9.1 (18.0.2+9-FR, mixed mode, sharing, tiered, compressed oops, compressed class ptrs, g1 gc, windows-amd64)
GC Precious Log:
 CardTable entry size: 512
 Card Set container configuration: InlinePtr #cards 5 size 8 Array Of Cards #cards 12 size 40 Howl #buckets 4 coarsen threshold 1843 Howl Bitmap #cards 512 size 80 coarsen threshold 460 Card regions per heap region 1 cards per card region 2048
 CPUs: 4 total, 4 available
 Memory: 4012M
 Large Page Support: Disabled
 NUMA Support: Disabled
 Compressed Oops: Enabled (32-bit)
 Heap Region Size: 1M
 Heap Min Capacity: 8M
 Heap Initial Capacity: 64M
 Heap Max Capacity: 1004M
 Pre-touch: Disabled
 Parallel Workers: 4
 Concurrent Workers: 1
 Concurrent Refinement Workers: 4
 Periodic GC: Disabled
Heap:
 garbage-first heap   total 48128K, used 16129K [0x00000000c1400000, 0x0000000100000000)
  region size 1024K, 3 young (3072K), 2 survivors (2048K)
 Metaspace       used 30622K, committed 31104K, reserved 1114112K
  class space    used 4249K, committed 4480K, reserved 1048576K
GC Heap History (14 events):
Event: 1.411 GC heap before
{Heap before GC invocations=0 (full 0):
 garbage-first heap   total 65536K, used 13312K [0x00000000c1400000, 0x0000000100000000)
  region size 1024K, 13 young (13312K), 0 survivors (0K)
 Metaspace       used 2914K, committed 3072K, reserved 1114112K
  class space    used 283K, committed 384K, reserved 1048576K
}
Event: 1.424 GC heap after
{Heap after GC invocations=1 (full 0):
 garbage-first heap   total 65536K, used 6592K [0x00000000c1400000, 0x0000000100000000)
  region size 1024K, 2 young (2048K), 2 survivors (2048K)
 Metaspace       used 2914K, committed 3072K, reserved 1114112K
  class space    used 283K, committed 384K, reserved 1048576K
}
Event: 2.164 GC heap before
{Heap before GC invocations=1 (full 0):
 garbage-first heap   total 65536K, used 15808K [0x00000000c1400000, 0x0000000100000000)
  region size 1024K, 11 young (11264K), 2 survivors (2048K)
 Metaspace       used 5045K, committed 5248K, reserved 1114112K
  class space    used 620K, committed 704K, reserved 1048576K
}
Event: 2.173 GC heap after
{Heap after GC invocations=2 (full 0):
 garbage-first heap   total 65536K, used 7339K [0x00000000c1400000, 0x0000000100000000)
  region size 1024K, 1 young (1024K), 1 survivors (1024K)
 Metaspace       used 5045K, committed 5248K, reserved 1114112K
  class space    used 620K, committed 704K, reserved 1048576K
}
Event: 3.921 GC heap before
{Heap before GC invocations=2 (full 0):
 garbage-first heap   total 65536K, used 26795K [0x00000000c1400000, 0x0000000100000000)
  region size 1024K, 21 young (21504K), 1 survivors (1024K)
 Metaspace       used 10477K, committed 10688K, reserved 1114112K
  class space    used 1334K, committed 1408K, reserved 1048576K
}
Event: 3.929 GC heap after
{Heap after GC invocations=3 (full 0):
 garbage-first heap   total 65536K, used 8777K [0x00000000c1400000, 0x0000000100000000)
  region size 1024K, 2 young (2048K), 2 survivors (2048K)
 Metaspace       used 10477K, committed 10688K, reserved 1114112K
  class space    used 1334K, committed 1408K, reserved 1048576K
}
Event: 5.059 GC heap before
{Heap before GC invocations=3 (full 0):
 garbage-first heap   total 65536K, used 40521K [0x00000000c1400000, 0x0000000100000000)
  region size 1024K, 33 young (33792K), 2 survivors (2048K)
 Metaspace       used 18232K, committed 18496K, reserved 1114112K
  class space    used 2282K, committed 2432K, reserved 1048576K
}
Event: 5.069 GC heap after
{Heap after GC invocations=4 (full 0):
 garbage-first heap   total 65536K, used 11243K [0x00000000c1400000, 0x0000000100000000)
  region size 1024K, 5 young (5120K), 5 survivors (5120K)
 Metaspace       used 18232K, committed 18496K, reserved 1114112K
  class space    used 2282K, committed 2432K, reserved 1048576K
}
Event: 6.417 GC heap before
{Heap before GC invocations=4 (full 0):
 garbage-first heap   total 65536K, used 30699K [0x00000000c1400000, 0x0000000100000000)
  region size 1024K, 26 young (26624K), 5 survivors (5120K)
 Metaspace       used 21220K, committed 21504K, reserved 1114112K
  class space    used 2691K, committed 2816K, reserved 1048576K
}
Event: 6.431 GC heap after
{Heap after GC invocations=5 (full 0):
 garbage-first heap   total 65536K, used 12728K [0x00000000c1400000, 0x0000000100000000)
  region size 1024K, 4 young (4096K), 4 survivors (4096K)
 Metaspace       used 21220K, committed 21504K, reserved 1114112K
  class space    used 2691K, committed 2816K, reserved 1048576K
}
Event: 7.958 GC heap before
{Heap before GC invocations=6 (full 0):
 garbage-first heap   total 48128K, used 37304K [0x00000000c1400000, 0x0000000100000000)
  region size 1024K, 28 young (28672K), 4 survivors (4096K)
 Metaspace       used 26731K, committed 27136K, reserved 1114112K
  class space    used 3642K, committed 3840K, reserved 1048576K
}
Event: 7.980 GC heap after
{Heap after GC invocations=7 (full 0):
 garbage-first heap   total 48128K, used 14213K [0x00000000c1400000, 0x0000000100000000)
  region size 1024K, 3 young (3072K), 3 survivors (3072K)
 Metaspace       used 26731K, committed 27136K, reserved 1114112K
  class space    used 3642K, committed 3840K, reserved 1048576K
}
Event: 8.053 GC heap before
{Heap before GC invocations=7 (full 0):
 garbage-first heap   total 48128K, used 15237K [0x00000000c1400000, 0x0000000100000000)
  region size 1024K, 4 young (4096K), 3 survivors (3072K)
 Metaspace       used 27009K, committed 27456K, reserved 1114112K
  class space    used 3707K, committed 3904K, reserved 1048576K
}
Event: 8.068 GC heap after
{Heap after GC invocations=8 (full 0):
 garbage-first heap   total 48128K, used 14741K [0x00000000c1400000, 0x0000000100000000)
  region size 1024K, 1 young (1024K), 1 survivors (1024K)
 Metaspace       used 27009K, committed 27456K, reserved 1114112K
  class space    used 3707K, committed 3904K, reserved 1048576K
}

