# JRE version: OpenJDK Runtime Environment Corretto-18.0.2.9.1 (18.0.2+9) (build 18.0.2+9-FR)
# Java VM: OpenJDK 64-Bit Server VM Corretto-18.0.2.9.1 (18.0.2+9-FR, mixed mode, sharing, tiered, compressed oops, compressed class ptrs, g1 gc, windows-amd64)
GC Precious Log:
 CardTable entry size: 512
 Card Set container configuration: InlinePtr #cards 5 size 8 Array Of Cards #cards 12 size 40 Howl #buckets 4 coarsen threshold 1843 Howl Bitmap #cards 512 size 80 coarsen threshold 460 Card regions per heap region 1 cards per card region 2048
 CPUs: 4 total, 4 available
 Memory: 4012M
 Large Page Support: Disabled
 NUMA Support: Disabled
 Compressed Oops: Enabled (32-bit)
 Heap Region Size: 1M
 Heap Min Capacity: 8M
 Heap Initial Capacity: 64M
 Heap Max Capacity: 1004M
 Pre-touch: Disabled
 Parallel Workers: 4
 Concurrent Workers: 1
 Concurrent Refinement Workers: 4
 Periodic GC: Disabled
Heap:
 garbage-first heap   total 65536K, used 29472K [0x00000000c1400000, 0x0000000100000000)
  region size 1024K, 22 young (22528K), 4 survivors (4096K)
 Metaspace       used 19925K, committed 20224K, reserved 1114112K
  class space    used 2413K, committed 2560K, reserved 1048576K
GC Heap History (8 events):
Event: 1.468 GC heap before
{Heap before GC invocations=0 (full 0):
 garbage-first heap   total 65536K, used 13312K [0x00000000c1400000, 0x0000000100000000)
  region size 1024K, 13 young (13312K), 0 survivors (0K)
 Metaspace       used 2883K, committed 3072K, reserved 1114112K
  class space    used 277K, committed 384K, reserved 1048576K
}
Event: 1.494 GC heap after
{Heap after GC invocations=1 (full 0):
 garbage-first heap   total 65536K, used 6813K [0x00000000c1400000, 0x0000000100000000)
  region size 1024K, 2 young (2048K), 2 survivors (2048K)
 Metaspace       used 2883K, committed 3072K, reserved 1114112K
  class space    used 277K, committed 384K, reserved 1048576K
}
Event: 2.412 GC heap before
{Heap before GC invocations=1 (full 0):
 garbage-first heap   total 65536K, used 18077K [0x00000000c1400000, 0x0000000100000000)
  region size 1024K, 13 young (13312K), 2 survivors (2048K)
 Metaspace       used 6343K, committed 6528K, reserved 1114112K
  class space    used 724K, committed 832K, reserved 1048576K
}
Event: 2.418 GC heap after
{Heap after GC invocations=2 (full 0):
 garbage-first heap   total 65536K, used 7881K [0x00000000c1400000, 0x0000000100000000)
  region size 1024K, 1 young (1024K), 1 survivors (1024K)
 Metaspace       used 6343K, committed 6528K, reserved 1114112K
  class space    used 724K, committed 832K, reserved 1048576K
}
Event: 3.441 GC heap before
{Heap before GC invocations=2 (full 0):
 garbage-first heap   total 65536K, used 28361K [0x00000000c1400000, 0x0000000100000000)
  region size 1024K, 21 young (21504K), 1 survivors (1024K)
 Metaspace       used 11675K, committed 11904K, reserved 1114112K
  class space    used 1353K, committed 1472K, reserved 1048576K
}
Event: 3.450 GC heap after
{Heap after GC invocations=3 (full 0):
 garbage-first heap   total 65536K, used 9646K [0x00000000c1400000, 0x0000000100000000)
  region size 1024K, 3 young (3072K), 3 survivors (3072K)
 Metaspace       used 11675K, committed 11904K, reserved 1114112K
  class space    used 1353K, committed 1472K, reserved 1048576K
}
Event: 4.857 GC heap before
{Heap before GC invocations=3 (full 0):
 garbage-first heap   total 65536K, used 38318K [0x00000000c1400000, 0x0000000100000000)
  region size 1024K, 32 young (32768K), 3 survivors (3072K)
 Metaspace       used 16997K, committed 17280K, reserved 1114112K
  class space    used 2025K, committed 2176K, reserved 1048576K
}
Event: 4.870 GC heap after
{Heap after GC invocations=4 (full 0):
 garbage-first heap   total 65536K, used 12064K [0x00000000c1400000, 0x0000000100000000)
  region size 1024K, 4 young (4096K), 4 survivors (4096K)
 Metaspace       used 16997K, committed 17280K, reserved 1114112K
  class space    used 2025K, committed 2176K, reserved 1048576K
}

