# JRE version: OpenJDK Runtime Environment Corretto-18.0.2.9.1 (18.0.2+9) (build 18.0.2+9-FR)
# Java VM: OpenJDK 64-Bit Server VM Corretto-18.0.2.9.1 (18.0.2+9-FR, mixed mode, sharing, tiered, compressed oops, compressed class ptrs, g1 gc, windows-amd64)
GC Precious Log:
 CardTable entry size: 512
 Card Set container configuration: InlinePtr #cards 5 size 8 Array Of Cards #cards 12 size 40 Howl #buckets 4 coarsen threshold 1843 Howl Bitmap #cards 512 size 80 coarsen threshold 460 Card regions per heap region 1 cards per card region 2048
 CPUs: 4 total, 4 available
 Memory: 4012M
 Large Page Support: Disabled
 NUMA Support: Disabled
 Compressed Oops: Enabled (32-bit)
 Heap Region Size: 1M
 Heap Min Capacity: 8M
 Heap Initial Capacity: 64M
 Heap Max Capacity: 1004M
 Pre-touch: Disabled
 Parallel Workers: 4
 Concurrent Workers: 1
 Concurrent Refinement Workers: 4
 Periodic GC: Disabled
Heap:
 garbage-first heap   total 48128K, used 20922K [0x00000000c1400000, 0x0000000100000000)
  region size 1024K, 7 young (7168K), 3 survivors (3072K)
 Metaspace       used 38493K, committed 39040K, reserved 1114112K
  class space    used 4837K, committed 5120K, reserved 1048576K
GC Heap History (18 events):
Event: 1.424 GC heap before
{Heap before GC invocations=0 (full 0):
 garbage-first heap   total 65536K, used 13312K [0x00000000c1400000, 0x0000000100000000)
  region size 1024K, 13 young (13312K), 0 survivors (0K)
 Metaspace       used 3798K, committed 3968K, reserved 1114112K
  class space    used 391K, committed 512K, reserved 1048576K
}
Event: 1.437 GC heap after
{Heap after GC invocations=1 (full 0):
 garbage-first heap   total 65536K, used 6055K [0x00000000c1400000, 0x0000000100000000)
  region size 1024K, 2 young (2048K), 2 survivors (2048K)
 Metaspace       used 3798K, committed 3968K, reserved 1114112K
  class space    used 391K, committed 512K, reserved 1048576K
}
Event: 2.275 GC heap before
{Heap before GC invocations=1 (full 0):
 garbage-first heap   total 65536K, used 16295K [0x00000000c1400000, 0x0000000100000000)
  region size 1024K, 12 young (12288K), 2 survivors (2048K)
 Metaspace       used 6690K, committed 6912K, reserved 1114112K
  class space    used 779K, committed 896K, reserved 1048576K
}
Event: 2.285 GC heap after
{Heap after GC invocations=2 (full 0):
 garbage-first heap   total 65536K, used 7032K [0x00000000c1400000, 0x0000000100000000)
  region size 1024K, 1 young (1024K), 1 survivors (1024K)
 Metaspace       used 6690K, committed 6912K, reserved 1114112K
  class space    used 779K, committed 896K, reserved 1048576K
}
Event: 3.849 GC heap before
{Heap before GC invocations=2 (full 0):
 garbage-first heap   total 65536K, used 27512K [0x00000000c1400000, 0x0000000100000000)
  region size 1024K, 22 young (22528K), 1 survivors (1024K)
 Metaspace       used 12394K, committed 12544K, reserved 1114112K
  class space    used 1456K, committed 1536K, reserved 1048576K
}
Event: 3.857 GC heap after
{Heap after GC invocations=3 (full 0):
 garbage-first heap   total 65536K, used 8876K [0x00000000c1400000, 0x0000000100000000)
  region size 1024K, 3 young (3072K), 3 survivors (3072K)
 Metaspace       used 12394K, committed 12544K, reserved 1114112K
  class space    used 1456K, committed 1536K, reserved 1048576K
}
Event: 6.580 GC heap before
{Heap before GC invocations=3 (full 0):
 garbage-first heap   total 65536K, used 40620K [0x00000000c1400000, 0x0000000100000000)
  region size 1024K, 35 young (35840K), 3 survivors (3072K)
 Metaspace       used 18085K, committed 18368K, reserved 1114112K
  class space    used 2147K, committed 2304K, reserved 1048576K
}
Event: 6.593 GC heap after
{Heap after GC invocations=4 (full 0):
 garbage-first heap   total 65536K, used 11210K [0x00000000c1400000, 0x0000000100000000)
  region size 1024K, 5 young (5120K), 5 survivors (5120K)
 Metaspace       used 18085K, committed 18368K, reserved 1114112K
  class space    used 2147K, committed 2304K, reserved 1048576K
}
Event: 7.536 GC heap before
{Heap before GC invocations=4 (full 0):
 garbage-first heap   total 65536K, used 27594K [0x00000000c1400000, 0x0000000100000000)
  region size 1024K, 23 young (23552K), 5 survivors (5120K)
 Metaspace       used 21186K, committed 21504K, reserved 1114112K
  class space    used 2594K, committed 2752K, reserved 1048576K
}
Event: 7.553 GC heap after
{Heap after GC invocations=5 (full 0):
 garbage-first heap   total 65536K, used 12840K [0x00000000c1400000, 0x0000000100000000)
  region size 1024K, 4 young (4096K), 4 survivors (4096K)
 Metaspace       used 21186K, committed 21504K, reserved 1114112K
  class space    used 2594K, committed 2752K, reserved 1048576K
}
Event: 8.919 GC heap before
{Heap before GC invocations=6 (full 0):
 garbage-first heap   total 48128K, used 37416K [0x00000000c1400000, 0x0000000100000000)
  region size 1024K, 28 young (28672K), 4 survivors (4096K)
 Metaspace       used 26916K, committed 27392K, reserved 1114112K
  class space    used 3355K, committed 3584K, reserved 1048576K
}
Event: 8.934 GC heap after
{Heap after GC invocations=7 (full 0):
 garbage-first heap   total 48128K, used 15540K [0x00000000c1400000, 0x0000000100000000)
  region size 1024K, 4 young (4096K), 4 survivors (4096K)
 Metaspace       used 26916K, committed 27392K, reserved 1114112K
  class space    used 3355K, committed 3584K, reserved 1048576K
}
Event: 8.958 GC heap before
{Heap before GC invocations=7 (full 0):
 garbage-first heap   total 48128K, used 16564K [0x00000000c1400000, 0x0000000100000000)
  region size 1024K, 5 young (5120K), 4 survivors (4096K)
 Metaspace       used 27013K, committed 27520K, reserved 1114112K
  class space    used 3367K, committed 3584K, reserved 1048576K
}
Event: 8.969 GC heap after
{Heap after GC invocations=8 (full 0):
 garbage-first heap   total 48128K, used 16578K [0x00000000c1400000, 0x0000000100000000)
  region size 1024K, 1 young (1024K), 1 survivors (1024K)
 Metaspace       used 27013K, committed 27520K, reserved 1114112K
  class space    used 3367K, committed 3584K, reserved 1048576K
}
Event: 9.864 GC heap before
{Heap before GC invocations=8 (full 0):
 garbage-first heap   total 48128K, used 32962K [0x00000000c1400000, 0x0000000100000000)
  region size 1024K, 18 young (18432K), 1 survivors (1024K)
 Metaspace       used 31794K, committed 32320K, reserved 1114112K
  class space    used 4006K, committed 4224K, reserved 1048576K
}
Event: 9.868 GC heap after
{Heap after GC invocations=9 (full 0):
 garbage-first heap   total 48128K, used 17197K [0x00000000c1400000, 0x0000000100000000)
  region size 1024K, 2 young (2048K), 2 survivors (2048K)
 Metaspace       used 31794K, committed 32320K, reserved 1114112K
  class space    used 4006K, committed 4224K, reserved 1048576K
}
Event: 22.425 GC heap before
{Heap before GC invocations=9 (full 0):
 garbage-first heap   total 48128K, used 27437K [0x00000000c1400000, 0x0000000100000000)
  region size 1024K, 14 young (14336K), 2 survivors (2048K)
 Metaspace       used 35600K, committed 36096K, reserved 1114112K
  class space    used 4487K, committed 4736K, reserved 1048576K
}
Event: 22.431 GC heap after
{Heap after GC invocations=10 (full 0):
 garbage-first heap   total 48128K, used 17850K [0x00000000c1400000, 0x0000000100000000)
  region size 1024K, 3 young (3072K), 3 survivors (3072K)
 Metaspace       used 35600K, committed 36096K, reserved 1114112K
  class space    used 4487K, committed 4736K, reserved 1048576K
}

