# JRE version: OpenJDK Runtime Environment Corretto-18.0.2.9.1 (18.0.2+9) (build 18.0.2+9-FR)
# Java VM: OpenJDK 64-Bit Server VM Corretto-18.0.2.9.1 (18.0.2+9-FR, mixed mode, sharing, tiered, compressed oops, compressed class ptrs, g1 gc, windows-amd64)
GC Precious Log:
 CardTable entry size: 512
 Card Set container configuration: InlinePtr #cards 5 size 8 Array Of Cards #cards 12 size 40 Howl #buckets 4 coarsen threshold 1843 Howl Bitmap #cards 512 size 80 coarsen threshold 460 Card regions per heap region 1 cards per card region 2048
 CPUs: 4 total, 4 available
 Memory: 4012M
 Large Page Support: Disabled
 NUMA Support: Disabled
 Compressed Oops: Enabled (32-bit)
 Heap Region Size: 1M
 Heap Min Capacity: 8M
 Heap Initial Capacity: 64M
 Heap Max Capacity: 1004M
 Pre-touch: Disabled
 Parallel Workers: 4
 Concurrent Workers: 1
 Concurrent Refinement Workers: 4
 Periodic GC: Disabled
Heap:
 garbage-first heap   total 58368K, used 28350K [0x00000000c1400000, 0x0000000100000000)
  region size 1024K, 9 young (9216K), 3 survivors (3072K)
 Metaspace       used 55830K, committed 56384K, reserved 1114112K
  class space    used 7192K, committed 7424K, reserved 1048576K
GC Heap History (20 events):
Event: 10.057 GC heap before
{Heap before GC invocations=4 (full 0):
 garbage-first heap   total 65536K, used 39245K [0x00000000c1400000, 0x0000000100000000)
  region size 1024K, 34 young (34816K), 5 survivors (5120K)
 Metaspace       used 21149K, committed 21504K, reserved 1114112K
  class space    used 2547K, committed 2688K, reserved 1048576K
}
Event: 10.080 GC heap after
{Heap after GC invocations=5 (full 0):
 garbage-first heap   total 65536K, used 12229K [0x00000000c1400000, 0x0000000100000000)
  region size 1024K, 3 young (3072K), 3 survivors (3072K)
 Metaspace       used 21149K, committed 21504K, reserved 1114112K
  class space    used 2547K, committed 2688K, reserved 1048576K
}
Event: 11.582 GC heap before
{Heap before GC invocations=6 (full 0):
 garbage-first heap   total 48128K, used 37829K [0x00000000c1400000, 0x0000000100000000)
  region size 1024K, 28 young (28672K), 3 survivors (3072K)
 Metaspace       used 26637K, committed 27072K, reserved 1114112K
  class space    used 3254K, committed 3456K, reserved 1048576K
}
Event: 11.607 GC heap after
{Heap after GC invocations=7 (full 0):
 garbage-first heap   total 48128K, used 15775K [0x00000000c1400000, 0x0000000100000000)
  region size 1024K, 4 young (4096K), 4 survivors (4096K)
 Metaspace       used 26637K, committed 27072K, reserved 1114112K
  class space    used 3254K, committed 3456K, reserved 1048576K
}
Event: 11.661 GC heap before
{Heap before GC invocations=7 (full 0):
 garbage-first heap   total 48128K, used 16799K [0x00000000c1400000, 0x0000000100000000)
  region size 1024K, 5 young (5120K), 4 survivors (4096K)
 Metaspace       used 26816K, committed 27264K, reserved 1114112K
  class space    used 3281K, committed 3520K, reserved 1048576K
}
Event: 11.678 GC heap after
{Heap after GC invocations=8 (full 0):
 garbage-first heap   total 48128K, used 16181K [0x00000000c1400000, 0x0000000100000000)
  region size 1024K, 1 young (1024K), 1 survivors (1024K)
 Metaspace       used 26816K, committed 27264K, reserved 1114112K
  class space    used 3281K, committed 3520K, reserved 1048576K
}
Event: 12.975 GC heap before
{Heap before GC invocations=8 (full 0):
 garbage-first heap   total 48128K, used 32565K [0x00000000c1400000, 0x0000000100000000)
  region size 1024K, 18 young (18432K), 1 survivors (1024K)
 Metaspace       used 30499K, committed 31040K, reserved 1114112K
  class space    used 3712K, committed 3968K, reserved 1048576K
}
Event: 12.980 GC heap after
{Heap after GC invocations=9 (full 0):
 garbage-first heap   total 48128K, used 17151K [0x00000000c1400000, 0x0000000100000000)
  region size 1024K, 2 young (2048K), 2 survivors (2048K)
 Metaspace       used 30499K, committed 31040K, reserved 1114112K
  class space    used 3712K, committed 3968K, reserved 1048576K
}
Event: 13.950 GC heap before
{Heap before GC invocations=9 (full 0):
 garbage-first heap   total 48128K, used 33535K [0x00000000c1400000, 0x0000000100000000)
  region size 1024K, 19 young (19456K), 2 survivors (2048K)
 Metaspace       used 34433K, committed 34880K, reserved 1114112K
  class space    used 4336K, committed 4544K, reserved 1048576K
}
Event: 13.954 GC heap after
{Heap after GC invocations=10 (full 0):
 garbage-first heap   total 48128K, used 17960K [0x00000000c1400000, 0x0000000100000000)
  region size 1024K, 3 young (3072K), 3 survivors (3072K)
 Metaspace       used 34433K, committed 34880K, reserved 1114112K
  class space    used 4336K, committed 4544K, reserved 1048576K
}
Event: 14.214 GC heap before
{Heap before GC invocations=10 (full 0):
 garbage-first heap   total 48128K, used 21032K [0x00000000c1400000, 0x0000000100000000)
  region size 1024K, 8 young (8192K), 3 survivors (3072K)
 Metaspace       used 35482K, committed 35968K, reserved 1114112K
  class space    used 4432K, committed 4672K, reserved 1048576K
}
Event: 14.219 GC heap after
{Heap after GC invocations=11 (full 0):
 garbage-first heap   total 48128K, used 18084K [0x00000000c1400000, 0x0000000100000000)
  region size 1024K, 1 young (1024K), 1 survivors (1024K)
 Metaspace       used 35482K, committed 35968K, reserved 1114112K
  class space    used 4432K, committed 4672K, reserved 1048576K
}
Event: 15.573 GC heap before
{Heap before GC invocations=12 (full 0):
 garbage-first heap   total 48128K, used 36516K [0x00000000c1400000, 0x0000000100000000)
  region size 1024K, 20 young (20480K), 1 survivors (1024K)
 Metaspace       used 41859K, committed 42368K, reserved 1114112K
  class space    used 5175K, committed 5440K, reserved 1048576K
}
Event: 15.578 GC heap after
{Heap after GC invocations=13 (full 0):
 garbage-first heap   total 48128K, used 19222K [0x00000000c1400000, 0x0000000100000000)
  region size 1024K, 3 young (3072K), 3 survivors (3072K)
 Metaspace       used 41859K, committed 42368K, reserved 1114112K
  class space    used 5175K, committed 5440K, reserved 1048576K
}
Event: 16.523 GC heap before
{Heap before GC invocations=13 (full 0):
 garbage-first heap   total 48128K, used 36630K [0x00000000c1400000, 0x0000000100000000)
  region size 1024K, 20 young (20480K), 3 survivors (3072K)
 Metaspace       used 44428K, committed 44928K, reserved 1114112K
  class space    used 5506K, committed 5760K, reserved 1048576K
}
Event: 16.530 GC heap after
{Heap after GC invocations=14 (full 0):
 garbage-first heap   total 58368K, used 20185K [0x00000000c1400000, 0x0000000100000000)
  region size 1024K, 3 young (3072K), 3 survivors (3072K)
 Metaspace       used 44428K, committed 44928K, reserved 1114112K
  class space    used 5506K, committed 5760K, reserved 1048576K
}
Event: 17.826 GC heap before
{Heap before GC invocations=14 (full 0):
 garbage-first heap   total 58368K, used 43737K [0x00000000c1400000, 0x0000000100000000)
  region size 1024K, 27 young (27648K), 3 survivors (3072K)
 Metaspace       used 50753K, committed 51328K, reserved 1114112K
  class space    used 6524K, committed 6784K, reserved 1048576K
}
Event: 17.832 GC heap after
{Heap after GC invocations=15 (full 0):
 garbage-first heap   total 58368K, used 21250K [0x00000000c1400000, 0x0000000100000000)
  region size 1024K, 3 young (3072K), 3 survivors (3072K)
 Metaspace       used 50753K, committed 51328K, reserved 1114112K
  class space    used 6524K, committed 6784K, reserved 1048576K
}
Event: 18.926 GC heap before
{Heap before GC invocations=15 (full 0):
 garbage-first heap   total 58368K, used 44802K [0x00000000c1400000, 0x0000000100000000)
  region size 1024K, 27 young (27648K), 3 survivors (3072K)
 Metaspace       used 55545K, committed 56128K, reserved 1114112K
  class space    used 7147K, committed 7424K, reserved 1048576K
}
Event: 18.933 GC heap after
{Heap after GC invocations=16 (full 0):
 garbage-first heap   total 58368K, used 23230K [0x00000000c1400000, 0x0000000100000000)
  region size 1024K, 3 young (3072K), 3 survivors (3072K)
 Metaspace       used 55545K, committed 56128K, reserved 1114112K
  class space    used 7147K, committed 7424K, reserved 1048576K
}

