# JRE version: OpenJDK Runtime Environment Corretto-18.0.2.9.1 (18.0.2+9) (build 18.0.2+9-FR)
# Java VM: OpenJDK 64-Bit Server VM Corretto-18.0.2.9.1 (18.0.2+9-FR, mixed mode, sharing, tiered, compressed oops, compressed class ptrs, g1 gc, windows-amd64)
GC Precious Log:
 CardTable entry size: 512
 Card Set container configuration: InlinePtr #cards 5 size 8 Array Of Cards #cards 12 size 40 Howl #buckets 4 coarsen threshold 1843 Howl Bitmap #cards 512 size 80 coarsen threshold 460 Card regions per heap region 1 cards per card region 2048
 CPUs: 4 total, 4 available
 Memory: 4012M
 Large Page Support: Disabled
 NUMA Support: Disabled
 Compressed Oops: Enabled (32-bit)
 Heap Region Size: 1M
 Heap Min Capacity: 8M
 Heap Initial Capacity: 64M
 Heap Max Capacity: 1004M
 Pre-touch: Disabled
 Parallel Workers: 4
 Concurrent Workers: 1
 Concurrent Refinement Workers: 4
 Periodic GC: Disabled
Heap:
 garbage-first heap   total 48128K, used 21259K [0x00000000c1400000, 0x0000000100000000)
  region size 1024K, 3 young (3072K), 2 survivors (2048K)
 Metaspace       used 53007K, committed 53568K, reserved 1114112K
  class space    used 6845K, committed 7104K, reserved 1048576K
GC Heap History (20 events):
Event: 11.483 GC heap before
{Heap before GC invocations=5 (full 0):
 garbage-first heap   total 65536K, used 12545K [0x00000000c1400000, 0x0000000100000000)
  region size 1024K, 4 young (4096K), 3 survivors (3072K)
 Metaspace       used 21194K, committed 21504K, reserved 1114112K
  class space    used 2568K, committed 2752K, reserved 1048576K
}
Event: 11.492 GC heap after
{Heap after GC invocations=6 (full 0):
 garbage-first heap   total 65536K, used 12336K [0x00000000c1400000, 0x0000000100000000)
  region size 1024K, 3 young (3072K), 3 survivors (3072K)
 Metaspace       used 21194K, committed 21504K, reserved 1114112K
  class space    used 2568K, committed 2752K, reserved 1048576K
}
Event: 13.807 GC heap before
{Heap before GC invocations=7 (full 0):
 garbage-first heap   total 48128K, used 37936K [0x00000000c1400000, 0x0000000100000000)
  region size 1024K, 28 young (28672K), 3 survivors (3072K)
 Metaspace       used 26601K, committed 27072K, reserved 1114112K
  class space    used 3256K, committed 3456K, reserved 1048576K
}
Event: 13.832 GC heap after
{Heap after GC invocations=8 (full 0):
 garbage-first heap   total 48128K, used 15290K [0x00000000c1400000, 0x0000000100000000)
  region size 1024K, 3 young (3072K), 3 survivors (3072K)
 Metaspace       used 26601K, committed 27072K, reserved 1114112K
  class space    used 3256K, committed 3456K, reserved 1048576K
}
Event: 13.892 GC heap before
{Heap before GC invocations=8 (full 0):
 garbage-first heap   total 48128K, used 16314K [0x00000000c1400000, 0x0000000100000000)
  region size 1024K, 4 young (4096K), 3 survivors (3072K)
 Metaspace       used 26796K, committed 27264K, reserved 1114112K
  class space    used 3288K, committed 3520K, reserved 1048576K
}
Event: 13.907 GC heap after
{Heap after GC invocations=9 (full 0):
 garbage-first heap   total 48128K, used 15887K [0x00000000c1400000, 0x0000000100000000)
  region size 1024K, 1 young (1024K), 1 survivors (1024K)
 Metaspace       used 26796K, committed 27264K, reserved 1114112K
  class space    used 3288K, committed 3520K, reserved 1048576K
}
Event: 16.090 GC heap before
{Heap before GC invocations=9 (full 0):
 garbage-first heap   total 48128K, used 34319K [0x00000000c1400000, 0x0000000100000000)
  region size 1024K, 20 young (20480K), 1 survivors (1024K)
 Metaspace       used 30985K, committed 31488K, reserved 1114112K
  class space    used 3791K, committed 4032K, reserved 1048576K
}
Event: 16.096 GC heap after
{Heap after GC invocations=10 (full 0):
 garbage-first heap   total 48128K, used 16979K [0x00000000c1400000, 0x0000000100000000)
  region size 1024K, 2 young (2048K), 2 survivors (2048K)
 Metaspace       used 30985K, committed 31488K, reserved 1114112K
  class space    used 3791K, committed 4032K, reserved 1048576K
}
Event: 17.634 GC heap before
{Heap before GC invocations=10 (full 0):
 garbage-first heap   total 48128K, used 35411K [0x00000000c1400000, 0x0000000100000000)
  region size 1024K, 21 young (21504K), 2 survivors (2048K)
 Metaspace       used 35272K, committed 35776K, reserved 1114112K
  class space    used 4417K, committed 4672K, reserved 1048576K
}
Event: 17.639 GC heap after
{Heap after GC invocations=11 (full 0):
 garbage-first heap   total 48128K, used 17860K [0x00000000c1400000, 0x0000000100000000)
  region size 1024K, 3 young (3072K), 3 survivors (3072K)
 Metaspace       used 35272K, committed 35776K, reserved 1114112K
  class space    used 4417K, committed 4672K, reserved 1048576K
}
Event: 17.697 GC heap before
{Heap before GC invocations=11 (full 0):
 garbage-first heap   total 48128K, used 17860K [0x00000000c1400000, 0x0000000100000000)
  region size 1024K, 4 young (4096K), 3 survivors (3072K)
 Metaspace       used 35516K, committed 35968K, reserved 1114112K
  class space    used 4433K, committed 4672K, reserved 1048576K
}
Event: 17.702 GC heap after
{Heap after GC invocations=12 (full 0):
 garbage-first heap   total 48128K, used 17871K [0x00000000c1400000, 0x0000000100000000)
  region size 1024K, 1 young (1024K), 1 survivors (1024K)
 Metaspace       used 35516K, committed 35968K, reserved 1114112K
  class space    used 4433K, committed 4672K, reserved 1048576K
}
Event: 19.587 GC heap before
{Heap before GC invocations=13 (full 0):
 garbage-first heap   total 48128K, used 37327K [0x00000000c1400000, 0x0000000100000000)
  region size 1024K, 20 young (20480K), 1 survivors (1024K)
 Metaspace       used 41649K, committed 42176K, reserved 1114112K
  class space    used 5150K, committed 5376K, reserved 1048576K
}
Event: 19.591 GC heap after
{Heap after GC invocations=14 (full 0):
 garbage-first heap   total 48128K, used 18985K [0x00000000c1400000, 0x0000000100000000)
  region size 1024K, 2 young (2048K), 2 survivors (2048K)
 Metaspace       used 41649K, committed 42176K, reserved 1114112K
  class space    used 5150K, committed 5376K, reserved 1048576K
}
Event: 19.638 GC heap before
{Heap before GC invocations=14 (full 0):
 garbage-first heap   total 48128K, used 20009K [0x00000000c1400000, 0x0000000100000000)
  region size 1024K, 3 young (3072K), 2 survivors (2048K)
 Metaspace       used 41805K, committed 42368K, reserved 1114112K
  class space    used 5174K, committed 5440K, reserved 1048576K
}
Event: 19.644 GC heap after
{Heap after GC invocations=15 (full 0):
 garbage-first heap   total 48128K, used 19073K [0x00000000c1400000, 0x0000000100000000)
  region size 1024K, 1 young (1024K), 1 survivors (1024K)
 Metaspace       used 41805K, committed 42368K, reserved 1114112K
  class space    used 5174K, committed 5440K, reserved 1048576K
}
Event: 20.633 GC heap before
{Heap before GC invocations=15 (full 0):
 garbage-first heap   total 48128K, used 35457K [0x00000000c1400000, 0x0000000100000000)
  region size 1024K, 18 young (18432K), 1 survivors (1024K)
 Metaspace       used 44716K, committed 45248K, reserved 1114112K
  class space    used 5522K, committed 5760K, reserved 1048576K
}
Event: 20.636 GC heap after
{Heap after GC invocations=16 (full 0):
 garbage-first heap   total 48128K, used 19714K [0x00000000c1400000, 0x0000000100000000)
  region size 1024K, 2 young (2048K), 2 survivors (2048K)
 Metaspace       used 44716K, committed 45248K, reserved 1114112K
  class space    used 5522K, committed 5760K, reserved 1048576K
}
Event: 21.850 GC heap before
{Heap before GC invocations=16 (full 0):
 garbage-first heap   total 48128K, used 36098K [0x00000000c1400000, 0x0000000100000000)
  region size 1024K, 19 young (19456K), 2 survivors (2048K)
 Metaspace       used 49443K, committed 49920K, reserved 1114112K
  class space    used 6300K, committed 6528K, reserved 1048576K
}
Event: 21.856 GC heap after
{Heap after GC invocations=17 (full 0):
 garbage-first heap   total 48128K, used 20540K [0x00000000c1400000, 0x0000000100000000)
  region size 1024K, 2 young (2048K), 2 survivors (2048K)
 Metaspace       used 49443K, committed 49920K, reserved 1114112K
  class space    used 6300K, committed 6528K, reserved 1048576K
}

