# JRE version: OpenJDK Runtime Environment Corretto-18.0.2.9.1 (18.0.2+9) (build 18.0.2+9-FR)
# Java VM: OpenJDK 64-Bit Server VM Corretto-18.0.2.9.1 (18.0.2+9-FR, mixed mode, sharing, tiered, compressed oops, compressed class ptrs, g1 gc, windows-amd64)
GC Precious Log:
 CardTable entry size: 512
 Card Set container configuration: InlinePtr #cards 5 size 8 Array Of Cards #cards 12 size 40 Howl #buckets 4 coarsen threshold 1843 Howl Bitmap #cards 512 size 80 coarsen threshold 460 Card regions per heap region 1 cards per card region 2048
 CPUs: 4 total, 4 available
 Memory: 4012M
 Large Page Support: Disabled
 NUMA Support: Disabled
 Compressed Oops: Enabled (32-bit)
 Heap Region Size: 1M
 Heap Min Capacity: 8M
 Heap Initial Capacity: 64M
 Heap Max Capacity: 1004M
 Pre-touch: Disabled
 Parallel Workers: 4
 Concurrent Workers: 1
 Concurrent Refinement Workers: 4
 Periodic GC: Disabled
Heap:
 garbage-first heap   total 48128K, used 16122K [0x00000000c1400000, 0x0000000100000000)
  region size 1024K, 2 young (2048K), 2 survivors (2048K)
 Metaspace       used 30434K, committed 30976K, reserved 1114112K
  class space    used 4225K, committed 4480K, reserved 1048576K
GC Heap History (15 events):
Event: 1.549 GC heap before
{Heap before GC invocations=0 (full 0):
 garbage-first heap   total 65536K, used 13312K [0x00000000c1400000, 0x0000000100000000)
  region size 1024K, 13 young (13312K), 0 survivors (0K)
 Metaspace       used 2922K, committed 3072K, reserved 1114112K
  class space    used 283K, committed 384K, reserved 1048576K
}
Event: 1.574 GC heap after
{Heap after GC invocations=1 (full 0):
 garbage-first heap   total 65536K, used 6570K [0x00000000c1400000, 0x0000000100000000)
  region size 1024K, 2 young (2048K), 2 survivors (2048K)
 Metaspace       used 2922K, committed 3072K, reserved 1114112K
  class space    used 283K, committed 384K, reserved 1048576K
}
Event: 2.308 GC heap before
{Heap before GC invocations=1 (full 0):
 garbage-first heap   total 65536K, used 15786K [0x00000000c1400000, 0x0000000100000000)
  region size 1024K, 11 young (11264K), 2 survivors (2048K)
 Metaspace       used 5043K, committed 5248K, reserved 1114112K
  class space    used 622K, committed 704K, reserved 1048576K
}
Event: 2.317 GC heap after
{Heap after GC invocations=2 (full 0):
 garbage-first heap   total 65536K, used 7273K [0x00000000c1400000, 0x0000000100000000)
  region size 1024K, 1 young (1024K), 1 survivors (1024K)
 Metaspace       used 5043K, committed 5248K, reserved 1114112K
  class space    used 622K, committed 704K, reserved 1048576K
}
Event: 3.917 GC heap before
{Heap before GC invocations=2 (full 0):
 garbage-first heap   total 65536K, used 26729K [0x00000000c1400000, 0x0000000100000000)
  region size 1024K, 21 young (21504K), 1 survivors (1024K)
 Metaspace       used 10506K, committed 10688K, reserved 1114112K
  class space    used 1336K, committed 1408K, reserved 1048576K
}
Event: 3.926 GC heap after
{Heap after GC invocations=3 (full 0):
 garbage-first heap   total 65536K, used 8748K [0x00000000c1400000, 0x0000000100000000)
  region size 1024K, 2 young (2048K), 2 survivors (2048K)
 Metaspace       used 10506K, committed 10688K, reserved 1114112K
  class space    used 1336K, committed 1408K, reserved 1048576K
}
Event: 5.118 GC heap before
{Heap before GC invocations=3 (full 0):
 garbage-first heap   total 65536K, used 39468K [0x00000000c1400000, 0x0000000100000000)
  region size 1024K, 33 young (33792K), 2 survivors (2048K)
 Metaspace       used 18256K, committed 18560K, reserved 1114112K
  class space    used 2287K, committed 2432K, reserved 1048576K
}
Event: 5.130 GC heap after
{Heap after GC invocations=4 (full 0):
 garbage-first heap   total 65536K, used 11212K [0x00000000c1400000, 0x0000000100000000)
  region size 1024K, 5 young (5120K), 5 survivors (5120K)
 Metaspace       used 18256K, committed 18560K, reserved 1114112K
  class space    used 2287K, committed 2432K, reserved 1048576K
}
Event: 6.056 GC heap before
{Heap before GC invocations=4 (full 0):
 garbage-first heap   total 65536K, used 30668K [0x00000000c1400000, 0x0000000100000000)
  region size 1024K, 26 young (26624K), 5 survivors (5120K)
 Metaspace       used 21227K, committed 21504K, reserved 1114112K
  class space    used 2690K, committed 2816K, reserved 1048576K
}
Event: 6.069 GC heap after
{Heap after GC invocations=5 (full 0):
 garbage-first heap   total 65536K, used 12742K [0x00000000c1400000, 0x0000000100000000)
  region size 1024K, 4 young (4096K), 4 survivors (4096K)
 Metaspace       used 21227K, committed 21504K, reserved 1114112K
  class space    used 2690K, committed 2816K, reserved 1048576K
}
Event: 7.268 GC heap before
{Heap before GC invocations=6 (full 0):
 garbage-first heap   total 48128K, used 37318K [0x00000000c1400000, 0x0000000100000000)
  region size 1024K, 28 young (28672K), 4 survivors (4096K)
 Metaspace       used 26726K, committed 27200K, reserved 1114112K
  class space    used 3645K, committed 3840K, reserved 1048576K
}
Event: 7.287 GC heap after
{Heap after GC invocations=7 (full 0):
 garbage-first heap   total 48128K, used 14187K [0x00000000c1400000, 0x0000000100000000)
  region size 1024K, 3 young (3072K), 3 survivors (3072K)
 Metaspace       used 26726K, committed 27200K, reserved 1114112K
  class space    used 3645K, committed 3840K, reserved 1048576K
}
Event: 7.338 GC heap before
{Heap before GC invocations=7 (full 0):
 garbage-first heap   total 48128K, used 15211K [0x00000000c1400000, 0x0000000100000000)
  region size 1024K, 4 young (4096K), 3 survivors (3072K)
 Metaspace       used 26993K, committed 27456K, reserved 1114112K
  class space    used 3708K, committed 3904K, reserved 1048576K
}
Event: 7.348 GC heap after
{Heap after GC invocations=8 (full 0):
 garbage-first heap   total 48128K, used 14740K [0x00000000c1400000, 0x0000000100000000)
  region size 1024K, 1 young (1024K), 1 survivors (1024K)
 Metaspace       used 26993K, committed 27456K, reserved 1114112K
  class space    used 3708K, committed 3904K, reserved 1048576K
}
Event: 8.477 GC heap before
{Heap before GC invocations=8 (full 0):
 garbage-first heap   total 48128K, used 33172K [0x00000000c1400000, 0x0000000100000000)
  region size 1024K, 20 young (20480K), 1 survivors (1024K)
 Metaspace       used 30434K, committed 30976K, reserved 1114112K
  class space    used 4225K, committed 4480K, reserved 1048576K
}

