# JRE version: OpenJDK Runtime Environment Corretto-18.0.2.9.1 (18.0.2+9) (build 18.0.2+9-FR)
# Java VM: OpenJDK 64-Bit Server VM Corretto-18.0.2.9.1 (18.0.2+9-FR, mixed mode, sharing, tiered, compressed oops, compressed class ptrs, g1 gc, windows-amd64)
GC Precious Log:
 CardTable entry size: 512
 Card Set container configuration: InlinePtr #cards 5 size 8 Array Of Cards #cards 12 size 40 Howl #buckets 4 coarsen threshold 1843 Howl Bitmap #cards 512 size 80 coarsen threshold 460 Card regions per heap region 1 cards per card region 2048
 CPUs: 4 total, 4 available
 Memory: 4012M
 Large Page Support: Disabled
 NUMA Support: Disabled
 Compressed Oops: Enabled (32-bit)
 Heap Region Size: 1M
 Heap Min Capacity: 8M
 Heap Initial Capacity: 64M
 Heap Max Capacity: 1004M
 Pre-touch: Disabled
 Parallel Workers: 4
 Concurrent Workers: 1
 Concurrent Refinement Workers: 4
 Periodic GC: Disabled
Heap:
 garbage-first heap   total 71680K, used 48378K [0x00000000c1400000, 0x0000000100000000)
  region size 1024K, 28 young (28672K), 4 survivors (4096K)
 Metaspace       used 64429K, committed 65088K, reserved 1114112K
  class space    used 8554K, committed 8832K, reserved 1048576K
GC Heap History (20 events):
Event: 5.506 GC heap before
{Heap before GC invocations=3 (full 0):
 garbage-first heap   total 65536K, used 40466K [0x00000000c1400000, 0x0000000100000000)
  region size 1024K, 35 young (35840K), 3 survivors (3072K)
 Metaspace       used 18039K, committed 18368K, reserved 1114112K
  class space    used 2144K, committed 2304K, reserved 1048576K
}
Event: 5.518 GC heap after
{Heap after GC invocations=4 (full 0):
 garbage-first heap   total 65536K, used 10942K [0x00000000c1400000, 0x0000000100000000)
  region size 1024K, 4 young (4096K), 4 survivors (4096K)
 Metaspace       used 18039K, committed 18368K, reserved 1114112K
  class space    used 2144K, committed 2304K, reserved 1048576K
}
Event: 6.483 GC heap before
{Heap before GC invocations=4 (full 0):
 garbage-first heap   total 65536K, used 27326K [0x00000000c1400000, 0x0000000100000000)
  region size 1024K, 22 young (22528K), 4 survivors (4096K)
 Metaspace       used 21178K, committed 21504K, reserved 1114112K
  class space    used 2595K, committed 2752K, reserved 1048576K
}
Event: 6.502 GC heap after
{Heap after GC invocations=5 (full 0):
 garbage-first heap   total 65536K, used 12709K [0x00000000c1400000, 0x0000000100000000)
  region size 1024K, 4 young (4096K), 4 survivors (4096K)
 Metaspace       used 21178K, committed 21504K, reserved 1114112K
  class space    used 2595K, committed 2752K, reserved 1048576K
}
Event: 7.804 GC heap before
{Heap before GC invocations=6 (full 0):
 garbage-first heap   total 48128K, used 37285K [0x00000000c1400000, 0x0000000100000000)
  region size 1024K, 28 young (28672K), 4 survivors (4096K)
 Metaspace       used 26897K, committed 27392K, reserved 1114112K
  class space    used 3354K, committed 3584K, reserved 1048576K
}
Event: 7.818 GC heap after
{Heap after GC invocations=7 (full 0):
 garbage-first heap   total 48128K, used 15406K [0x00000000c1400000, 0x0000000100000000)
  region size 1024K, 4 young (4096K), 4 survivors (4096K)
 Metaspace       used 26897K, committed 27392K, reserved 1114112K
  class space    used 3354K, committed 3584K, reserved 1048576K
}
Event: 7.854 GC heap before
{Heap before GC invocations=7 (full 0):
 garbage-first heap   total 48128K, used 16430K [0x00000000c1400000, 0x0000000100000000)
  region size 1024K, 5 young (5120K), 4 survivors (4096K)
 Metaspace       used 26993K, committed 27456K, reserved 1114112K
  class space    used 3367K, committed 3584K, reserved 1048576K
}
Event: 7.863 GC heap after
{Heap after GC invocations=8 (full 0):
 garbage-first heap   total 48128K, used 16578K [0x00000000c1400000, 0x0000000100000000)
  region size 1024K, 1 young (1024K), 1 survivors (1024K)
 Metaspace       used 26993K, committed 27456K, reserved 1114112K
  class space    used 3367K, committed 3584K, reserved 1048576K
}
Event: 10.120 GC heap before
{Heap before GC invocations=8 (full 0):
 garbage-first heap   total 48128K, used 32962K [0x00000000c1400000, 0x0000000100000000)
  region size 1024K, 18 young (18432K), 1 survivors (1024K)
 Metaspace       used 31780K, committed 32256K, reserved 1114112K
  class space    used 4005K, committed 4224K, reserved 1048576K
}
Event: 10.125 GC heap after
{Heap after GC invocations=9 (full 0):
 garbage-first heap   total 77824K, used 17224K [0x00000000c1400000, 0x0000000100000000)
  region size 1024K, 2 young (2048K), 2 survivors (2048K)
 Metaspace       used 31780K, committed 32256K, reserved 1114112K
  class space    used 4005K, committed 4224K, reserved 1048576K
}
Event: 11.177 GC heap before
{Heap before GC invocations=9 (full 0):
 garbage-first heap   total 77824K, used 28488K [0x00000000c1400000, 0x0000000100000000)
  region size 1024K, 14 young (14336K), 2 survivors (2048K)
 Metaspace       used 35633K, committed 36096K, reserved 1114112K
  class space    used 4496K, committed 4736K, reserved 1048576K
}
Event: 11.189 GC heap after
{Heap after GC invocations=10 (full 0):
 garbage-first heap   total 77824K, used 17775K [0x00000000c1400000, 0x0000000100000000)
  region size 1024K, 3 young (3072K), 3 survivors (3072K)
 Metaspace       used 35633K, committed 36096K, reserved 1114112K
  class space    used 4496K, committed 4736K, reserved 1048576K
}
Event: 13.576 GC heap before
{Heap before GC invocations=11 (full 0):
 garbage-first heap   total 71680K, used 55663K [0x00000000c1400000, 0x0000000100000000)
  region size 1024K, 41 young (41984K), 3 survivors (3072K)
 Metaspace       used 46849K, committed 47360K, reserved 1114112K
  class space    used 5984K, committed 6208K, reserved 1048576K
}
Event: 13.583 GC heap after
{Heap after GC invocations=12 (full 0):
 garbage-first heap   total 71680K, used 20426K [0x00000000c1400000, 0x0000000100000000)
  region size 1024K, 5 young (5120K), 5 survivors (5120K)
 Metaspace       used 46849K, committed 47360K, reserved 1114112K
  class space    used 5984K, committed 6208K, reserved 1048576K
}
Event: 15.165 GC heap before
{Heap before GC invocations=12 (full 0):
 garbage-first heap   total 71680K, used 53194K [0x00000000c1400000, 0x0000000100000000)
  region size 1024K, 37 young (37888K), 5 survivors (5120K)
 Metaspace       used 54784K, committed 55296K, reserved 1114112K
  class space    used 7142K, committed 7360K, reserved 1048576K
}
Event: 15.176 GC heap after
{Heap after GC invocations=13 (full 0):
 garbage-first heap   total 71680K, used 22635K [0x00000000c1400000, 0x0000000100000000)
  region size 1024K, 3 young (3072K), 3 survivors (3072K)
 Metaspace       used 54784K, committed 55296K, reserved 1114112K
  class space    used 7142K, committed 7360K, reserved 1048576K
}
Event: 16.094 GC heap before
{Heap before GC invocations=13 (full 0):
 garbage-first heap   total 71680K, used 53355K [0x00000000c1400000, 0x0000000100000000)
  region size 1024K, 33 young (33792K), 3 survivors (3072K)
 Metaspace       used 58937K, committed 59520K, reserved 1114112K
  class space    used 7777K, committed 8064K, reserved 1048576K
}
Event: 16.102 GC heap after
{Heap after GC invocations=14 (full 0):
 garbage-first heap   total 71680K, used 24300K [0x00000000c1400000, 0x0000000100000000)
  region size 1024K, 4 young (4096K), 4 survivors (4096K)
 Metaspace       used 58937K, committed 59520K, reserved 1114112K
  class space    used 7777K, committed 8064K, reserved 1048576K
}
Event: 16.555 GC heap before
{Heap before GC invocations=14 (full 0):
 garbage-first heap   total 71680K, used 42732K [0x00000000c1400000, 0x0000000100000000)
  region size 1024K, 23 young (23552K), 4 survivors (4096K)
 Metaspace       used 60162K, committed 60736K, reserved 1114112K
  class space    used 7945K, committed 8256K, reserved 1048576K
}
Event: 16.567 GC heap after
{Heap after GC invocations=15 (full 0):
 garbage-first heap   total 71680K, used 25850K [0x00000000c1400000, 0x0000000100000000)
  region size 1024K, 4 young (4096K), 4 survivors (4096K)
 Metaspace       used 60162K, committed 60736K, reserved 1114112K
  class space    used 7945K, committed 8256K, reserved 1048576K
}

