# JRE version: OpenJDK Runtime Environment Corretto-18.0.2.9.1 (18.0.2+9) (build 18.0.2+9-FR)
# Java VM: OpenJDK 64-Bit Server VM Corretto-18.0.2.9.1 (18.0.2+9-FR, mixed mode, sharing, tiered, compressed oops, compressed class ptrs, g1 gc, windows-amd64)
GC Precious Log:
 CardTable entry size: 512
 Card Set container configuration: InlinePtr #cards 5 size 8 Array Of Cards #cards 12 size 40 Howl #buckets 4 coarsen threshold 1843 Howl Bitmap #cards 512 size 80 coarsen threshold 460 Card regions per heap region 1 cards per card region 2048
 CPUs: 4 total, 4 available
 Memory: 4012M
 Large Page Support: Disabled
 NUMA Support: Disabled
 Compressed Oops: Enabled (32-bit)
 Heap Region Size: 1M
 Heap Min Capacity: 8M
 Heap Initial Capacity: 64M
 Heap Max Capacity: 1004M
 Pre-touch: Disabled
 Parallel Workers: 4
 Concurrent Workers: 1
 Concurrent Refinement Workers: 4
 Periodic GC: Disabled
Heap:
 garbage-first heap   total 58368K, used 39012K [0x00000000c1400000, 0x0000000100000000)
  region size 1024K, 16 young (16384K), 2 survivors (2048K)
 Metaspace       used 61370K, committed 62016K, reserved 1114112K
  class space    used 8157K, committed 8448K, reserved 1048576K
GC Heap History (20 events):
Event: 7.096 GC heap before
{Heap before GC invocations=7 (full 0):
 garbage-first heap   total 48128K, used 15532K [0x00000000c1400000, 0x0000000100000000)
  region size 1024K, 5 young (5120K), 4 survivors (4096K)
 Metaspace       used 26971K, committed 27392K, reserved 1114112K
  class space    used 3368K, committed 3584K, reserved 1048576K
}
Event: 7.109 GC heap after
{Heap after GC invocations=8 (full 0):
 garbage-first heap   total 48128K, used 16015K [0x00000000c1400000, 0x0000000100000000)
  region size 1024K, 1 young (1024K), 1 survivors (1024K)
 Metaspace       used 26971K, committed 27392K, reserved 1114112K
  class space    used 3368K, committed 3584K, reserved 1048576K
}
Event: 7.953 GC heap before
{Heap before GC invocations=8 (full 0):
 garbage-first heap   total 48128K, used 33423K [0x00000000c1400000, 0x0000000100000000)
  region size 1024K, 19 young (19456K), 1 survivors (1024K)
 Metaspace       used 31959K, committed 32448K, reserved 1114112K
  class space    used 4033K, committed 4288K, reserved 1048576K
}
Event: 7.958 GC heap after
{Heap after GC invocations=9 (full 0):
 garbage-first heap   total 48128K, used 17042K [0x00000000c1400000, 0x0000000100000000)
  region size 1024K, 2 young (2048K), 2 survivors (2048K)
 Metaspace       used 31959K, committed 32448K, reserved 1114112K
  class space    used 4033K, committed 4288K, reserved 1048576K
}
Event: 8.455 GC heap before
{Heap before GC invocations=9 (full 0):
 garbage-first heap   total 48128K, used 27282K [0x00000000c1400000, 0x0000000100000000)
  region size 1024K, 14 young (14336K), 2 survivors (2048K)
 Metaspace       used 35614K, committed 36096K, reserved 1114112K
  class space    used 4494K, committed 4736K, reserved 1048576K
}
Event: 8.461 GC heap after
{Heap after GC invocations=10 (full 0):
 garbage-first heap   total 48128K, used 17702K [0x00000000c1400000, 0x0000000100000000)
  region size 1024K, 2 young (2048K), 2 survivors (2048K)
 Metaspace       used 35614K, committed 36096K, reserved 1114112K
  class space    used 4494K, committed 4736K, reserved 1048576K
}
Event: 9.327 GC heap before
{Heap before GC invocations=11 (full 0):
 garbage-first heap   total 48128K, used 35110K [0x00000000c1400000, 0x0000000100000000)
  region size 1024K, 20 young (20480K), 2 survivors (2048K)
 Metaspace       used 41830K, committed 42368K, reserved 1114112K
  class space    used 5248K, committed 5504K, reserved 1048576K
}
Event: 9.334 GC heap after
{Heap after GC invocations=12 (full 0):
 garbage-first heap   total 48128K, used 19025K [0x00000000c1400000, 0x0000000100000000)
  region size 1024K, 2 young (2048K), 2 survivors (2048K)
 Metaspace       used 41830K, committed 42368K, reserved 1114112K
  class space    used 5248K, committed 5504K, reserved 1048576K
}
Event: 10.147 GC heap before
{Heap before GC invocations=12 (full 0):
 garbage-first heap   total 48128K, used 35409K [0x00000000c1400000, 0x0000000100000000)
  region size 1024K, 19 young (19456K), 2 survivors (2048K)
 Metaspace       used 45956K, committed 46464K, reserved 1114112K
  class space    used 5851K, committed 6080K, reserved 1048576K
}
Event: 10.155 GC heap after
{Heap after GC invocations=13 (full 0):
 garbage-first heap   total 48128K, used 20313K [0x00000000c1400000, 0x0000000100000000)
  region size 1024K, 3 young (3072K), 3 survivors (3072K)
 Metaspace       used 45956K, committed 46464K, reserved 1114112K
  class space    used 5851K, committed 6080K, reserved 1048576K
}
Event: 10.888 GC heap before
{Heap before GC invocations=13 (full 0):
 garbage-first heap   total 48128K, used 35673K [0x00000000c1400000, 0x0000000100000000)
  region size 1024K, 19 young (19456K), 3 survivors (3072K)
 Metaspace       used 50166K, committed 50688K, reserved 1114112K
  class space    used 6526K, committed 6784K, reserved 1048576K
}
Event: 10.893 GC heap after
{Heap after GC invocations=14 (full 0):
 garbage-first heap   total 48128K, used 20966K [0x00000000c1400000, 0x0000000100000000)
  region size 1024K, 2 young (2048K), 2 survivors (2048K)
 Metaspace       used 50166K, committed 50688K, reserved 1114112K
  class space    used 6526K, committed 6784K, reserved 1048576K
}
Event: 11.459 GC heap before
{Heap before GC invocations=14 (full 0):
 garbage-first heap   total 48128K, used 36326K [0x00000000c1400000, 0x0000000100000000)
  region size 1024K, 18 young (18432K), 2 survivors (2048K)
 Metaspace       used 54159K, committed 54720K, reserved 1114112K
  class space    used 7030K, committed 7296K, reserved 1048576K
}
Event: 11.465 GC heap after
{Heap after GC invocations=15 (full 0):
 garbage-first heap   total 58368K, used 22388K [0x00000000c1400000, 0x0000000100000000)
  region size 1024K, 3 young (3072K), 3 survivors (3072K)
 Metaspace       used 54159K, committed 54720K, reserved 1114112K
  class space    used 7030K, committed 7296K, reserved 1048576K
}
Event: 12.082 GC heap before
{Heap before GC invocations=15 (full 0):
 garbage-first heap   total 58368K, used 44916K [0x00000000c1400000, 0x0000000100000000)
  region size 1024K, 25 young (25600K), 3 survivors (3072K)
 Metaspace       used 57445K, committed 57920K, reserved 1114112K
  class space    used 7604K, committed 7808K, reserved 1048576K
}
Event: 12.089 GC heap after
{Heap after GC invocations=16 (full 0):
 garbage-first heap   total 58368K, used 23907K [0x00000000c1400000, 0x0000000100000000)
  region size 1024K, 4 young (4096K), 4 survivors (4096K)
 Metaspace       used 57445K, committed 57920K, reserved 1114112K
  class space    used 7604K, committed 7808K, reserved 1048576K
}
Event: 12.552 GC heap before
{Heap before GC invocations=16 (full 0):
 garbage-first heap   total 58368K, used 46435K [0x00000000c1400000, 0x0000000100000000)
  region size 1024K, 26 young (26624K), 4 survivors (4096K)
 Metaspace       used 59191K, committed 59776K, reserved 1114112K
  class space    used 7806K, committed 8128K, reserved 1048576K
}
Event: 12.562 GC heap after
{Heap after GC invocations=17 (full 0):
 garbage-first heap   total 58368K, used 24902K [0x00000000c1400000, 0x0000000100000000)
  region size 1024K, 3 young (3072K), 3 survivors (3072K)
 Metaspace       used 59191K, committed 59776K, reserved 1114112K
  class space    used 7806K, committed 8128K, reserved 1048576K
}
Event: 12.765 GC heap before
{Heap before GC invocations=17 (full 0):
 garbage-first heap   total 58368K, used 31046K [0x00000000c1400000, 0x0000000100000000)
  region size 1024K, 10 young (10240K), 3 survivors (3072K)
 Metaspace       used 59920K, committed 60480K, reserved 1114112K
  class space    used 7915K, committed 8192K, reserved 1048576K
}
Event: 12.774 GC heap after
{Heap after GC invocations=18 (full 0):
 garbage-first heap   total 58368K, used 25700K [0x00000000c1400000, 0x0000000100000000)
  region size 1024K, 2 young (2048K), 2 survivors (2048K)
 Metaspace       used 59920K, committed 60480K, reserved 1114112K
  class space    used 7915K, committed 8192K, reserved 1048576K
}

