# JRE version: OpenJDK Runtime Environment Corretto-18.0.2.9.1 (18.0.2+9) (build 18.0.2+9-FR)
# Java VM: OpenJDK 64-Bit Server VM Corretto-18.0.2.9.1 (18.0.2+9-FR, mixed mode, sharing, tiered, compressed oops, compressed class ptrs, g1 gc, windows-amd64)
GC Precious Log:
 CardTable entry size: 512
 Card Set container configuration: InlinePtr #cards 5 size 8 Array Of Cards #cards 12 size 40 Howl #buckets 4 coarsen threshold 1843 Howl Bitmap #cards 512 size 80 coarsen threshold 460 Card regions per heap region 1 cards per card region 2048
 CPUs: 4 total, 4 available
 Memory: 4012M
 Large Page Support: Disabled
 NUMA Support: Disabled
 Compressed Oops: Enabled (32-bit)
 Heap Region Size: 1M
 Heap Min Capacity: 8M
 Heap Initial Capacity: 64M
 Heap Max Capacity: 1004M
 Pre-touch: Disabled
 Parallel Workers: 4
 Concurrent Workers: 1
 Concurrent Refinement Workers: 4
 Periodic GC: Disabled
Heap:
 garbage-first heap   total 51200K, used 27300K [0x00000000c1400000, 0x0000000100000000)
  region size 1024K, 13 young (13312K), 1 survivors (1024K)
 Metaspace       used 30878K, committed 31360K, reserved 1114112K
  class space    used 3808K, committed 4032K, reserved 1048576K
GC Heap History (14 events):
Event: 1.769 GC heap before
{Heap before GC invocations=0 (full 0):
 garbage-first heap   total 65536K, used 13312K [0x00000000c1400000, 0x0000000100000000)
  region size 1024K, 13 young (13312K), 0 survivors (0K)
 Metaspace       used 3975K, committed 4160K, reserved 1114112K
  class space    used 425K, committed 512K, reserved 1048576K
}
Event: 1.826 GC heap after
{Heap after GC invocations=1 (full 0):
 garbage-first heap   total 65536K, used 5684K [0x00000000c1400000, 0x0000000100000000)
  region size 1024K, 2 young (2048K), 2 survivors (2048K)
 Metaspace       used 3975K, committed 4160K, reserved 1114112K
  class space    used 425K, committed 512K, reserved 1048576K
}
Event: 2.906 GC heap before
{Heap before GC invocations=1 (full 0):
 garbage-first heap   total 65536K, used 16948K [0x00000000c1400000, 0x0000000100000000)
  region size 1024K, 13 young (13312K), 2 survivors (2048K)
 Metaspace       used 6980K, committed 7168K, reserved 1114112K
  class space    used 816K, committed 896K, reserved 1048576K
}
Event: 2.916 GC heap after
{Heap after GC invocations=2 (full 0):
 garbage-first heap   total 65536K, used 7071K [0x00000000c1400000, 0x0000000100000000)
  region size 1024K, 2 young (2048K), 2 survivors (2048K)
 Metaspace       used 6980K, committed 7168K, reserved 1114112K
  class space    used 816K, committed 896K, reserved 1048576K
}
Event: 4.033 GC heap before
{Heap before GC invocations=2 (full 0):
 garbage-first heap   total 65536K, used 27551K [0x00000000c1400000, 0x0000000100000000)
  region size 1024K, 23 young (23552K), 2 survivors (2048K)
 Metaspace       used 12851K, committed 13056K, reserved 1114112K
  class space    used 1500K, committed 1600K, reserved 1048576K
}
Event: 4.041 GC heap after
{Heap after GC invocations=3 (full 0):
 garbage-first heap   total 65536K, used 8765K [0x00000000c1400000, 0x0000000100000000)
  region size 1024K, 3 young (3072K), 3 survivors (3072K)
 Metaspace       used 12851K, committed 13056K, reserved 1114112K
  class space    used 1500K, committed 1600K, reserved 1048576K
}
Event: 5.764 GC heap before
{Heap before GC invocations=3 (full 0):
 garbage-first heap   total 65536K, used 38461K [0x00000000c1400000, 0x0000000100000000)
  region size 1024K, 33 young (33792K), 3 survivors (3072K)
 Metaspace       used 17967K, committed 18176K, reserved 1114112K
  class space    used 2127K, committed 2240K, reserved 1048576K
}
Event: 5.778 GC heap after
{Heap after GC invocations=4 (full 0):
 garbage-first heap   total 65536K, used 11016K [0x00000000c1400000, 0x0000000100000000)
  region size 1024K, 4 young (4096K), 4 survivors (4096K)
 Metaspace       used 17967K, committed 18176K, reserved 1114112K
  class space    used 2127K, committed 2240K, reserved 1048576K
}
Event: 6.706 GC heap before
{Heap before GC invocations=4 (full 0):
 garbage-first heap   total 65536K, used 29448K [0x00000000c1400000, 0x0000000100000000)
  region size 1024K, 23 young (23552K), 4 survivors (4096K)
 Metaspace       used 21146K, committed 21504K, reserved 1114112K
  class space    used 2576K, committed 2752K, reserved 1048576K
}
Event: 6.727 GC heap after
{Heap after GC invocations=5 (full 0):
 garbage-first heap   total 65536K, used 12767K [0x00000000c1400000, 0x0000000100000000)
  region size 1024K, 4 young (4096K), 4 survivors (4096K)
 Metaspace       used 21146K, committed 21504K, reserved 1114112K
  class space    used 2576K, committed 2752K, reserved 1048576K
}
Event: 8.677 GC heap before
{Heap before GC invocations=6 (full 0):
 garbage-first heap   total 51200K, used 39391K [0x00000000c1400000, 0x0000000100000000)
  region size 1024K, 30 young (30720K), 4 survivors (4096K)
 Metaspace       used 27814K, committed 28224K, reserved 1114112K
  class space    used 3432K, committed 3648K, reserved 1048576K
}
Event: 8.693 GC heap after
{Heap after GC invocations=7 (full 0):
 garbage-first heap   total 51200K, used 16063K [0x00000000c1400000, 0x0000000100000000)
  region size 1024K, 4 young (4096K), 4 survivors (4096K)
 Metaspace       used 27814K, committed 28224K, reserved 1114112K
  class space    used 3432K, committed 3648K, reserved 1048576K
}
Event: 8.806 GC heap before
{Heap before GC invocations=7 (full 0):
 garbage-first heap   total 51200K, used 17087K [0x00000000c1400000, 0x0000000100000000)
  region size 1024K, 5 young (5120K), 4 survivors (4096K)
 Metaspace       used 28377K, committed 28864K, reserved 1114112K
  class space    used 3487K, committed 3712K, reserved 1048576K
}
Event: 8.817 GC heap after
{Heap after GC invocations=8 (full 0):
 garbage-first heap   total 51200K, used 17060K [0x00000000c1400000, 0x0000000100000000)
  region size 1024K, 1 young (1024K), 1 survivors (1024K)
 Metaspace       used 28377K, committed 28864K, reserved 1114112K
  class space    used 3487K, committed 3712K, reserved 1048576K
}

