# JRE version: OpenJDK Runtime Environment Corretto-18.0.2.9.1 (18.0.2+9) (build 18.0.2+9-FR)
# Java VM: OpenJDK 64-Bit Server VM Corretto-18.0.2.9.1 (18.0.2+9-FR, mixed mode, sharing, tiered, compressed oops, compressed class ptrs, g1 gc, windows-amd64)
GC Precious Log:
 CardTable entry size: 512
 Card Set container configuration: InlinePtr #cards 5 size 8 Array Of Cards #cards 12 size 40 Howl #buckets 4 coarsen threshold 1843 Howl Bitmap #cards 512 size 80 coarsen threshold 460 Card regions per heap region 1 cards per card region 2048
 CPUs: 4 total, 4 available
 Memory: 4012M
 Large Page Support: Disabled
 NUMA Support: Disabled
 Compressed Oops: Enabled (32-bit)
 Heap Region Size: 1M
 Heap Min Capacity: 8M
 Heap Initial Capacity: 64M
 Heap Max Capacity: 1004M
 Pre-touch: Disabled
 Parallel Workers: 4
 Concurrent Workers: 1
 Concurrent Refinement Workers: 4
 Periodic GC: Disabled
Heap:
 garbage-first heap   total 65536K, used 20032K [0x00000000c1400000, 0x0000000100000000)
  region size 1024K, 2 young (2048K), 2 survivors (2048K)
 Metaspace       used 45445K, committed 45952K, reserved 1114112K
  class space    used 5674K, committed 5888K, reserved 1048576K
GC Heap History (20 events):
Event: 2.160 GC heap after
{Heap after GC invocations=2 (full 0):
 garbage-first heap   total 65536K, used 7042K [0x00000000c1400000, 0x0000000100000000)
  region size 1024K, 1 young (1024K), 1 survivors (1024K)
 Metaspace       used 6703K, committed 6912K, reserved 1114112K
  class space    used 778K, committed 896K, reserved 1048576K
}
Event: 3.186 GC heap before
{Heap before GC invocations=2 (full 0):
 garbage-first heap   total 65536K, used 27522K [0x00000000c1400000, 0x0000000100000000)
  region size 1024K, 22 young (22528K), 1 survivors (1024K)
 Metaspace       used 12467K, committed 12672K, reserved 1114112K
  class space    used 1463K, committed 1536K, reserved 1048576K
}
Event: 3.193 GC heap after
{Heap after GC invocations=3 (full 0):
 garbage-first heap   total 65536K, used 8855K [0x00000000c1400000, 0x0000000100000000)
  region size 1024K, 3 young (3072K), 3 survivors (3072K)
 Metaspace       used 12467K, committed 12672K, reserved 1114112K
  class space    used 1463K, committed 1536K, reserved 1048576K
}
Event: 5.156 GC heap before
{Heap before GC invocations=3 (full 0):
 garbage-first heap   total 65536K, used 41623K [0x00000000c1400000, 0x0000000100000000)
  region size 1024K, 35 young (35840K), 3 survivors (3072K)
 Metaspace       used 18061K, committed 18368K, reserved 1114112K
  class space    used 2145K, committed 2304K, reserved 1048576K
}
Event: 5.170 GC heap after
{Heap after GC invocations=4 (full 0):
 garbage-first heap   total 65536K, used 11227K [0x00000000c1400000, 0x0000000100000000)
  region size 1024K, 5 young (5120K), 5 survivors (5120K)
 Metaspace       used 18061K, committed 18368K, reserved 1114112K
  class space    used 2145K, committed 2304K, reserved 1048576K
}
Event: 6.075 GC heap before
{Heap before GC invocations=4 (full 0):
 garbage-first heap   total 65536K, used 28635K [0x00000000c1400000, 0x0000000100000000)
  region size 1024K, 23 young (23552K), 5 survivors (5120K)
 Metaspace       used 21190K, committed 21504K, reserved 1114112K
  class space    used 2597K, committed 2752K, reserved 1048576K
}
Event: 6.091 GC heap after
{Heap after GC invocations=5 (full 0):
 garbage-first heap   total 65536K, used 12838K [0x00000000c1400000, 0x0000000100000000)
  region size 1024K, 4 young (4096K), 4 survivors (4096K)
 Metaspace       used 21190K, committed 21504K, reserved 1114112K
  class space    used 2597K, committed 2752K, reserved 1048576K
}
Event: 7.390 GC heap before
{Heap before GC invocations=6 (full 0):
 garbage-first heap   total 48128K, used 37414K [0x00000000c1400000, 0x0000000100000000)
  region size 1024K, 28 young (28672K), 4 survivors (4096K)
 Metaspace       used 26917K, committed 27392K, reserved 1114112K
  class space    used 3361K, committed 3584K, reserved 1048576K
}
Event: 7.404 GC heap after
{Heap after GC invocations=7 (full 0):
 garbage-first heap   total 48128K, used 15597K [0x00000000c1400000, 0x0000000100000000)
  region size 1024K, 4 young (4096K), 4 survivors (4096K)
 Metaspace       used 26917K, committed 27392K, reserved 1114112K
  class space    used 3361K, committed 3584K, reserved 1048576K
}
Event: 7.422 GC heap before
{Heap before GC invocations=7 (full 0):
 garbage-first heap   total 48128K, used 16621K [0x00000000c1400000, 0x0000000100000000)
  region size 1024K, 5 young (5120K), 4 survivors (4096K)
 Metaspace       used 26988K, committed 27456K, reserved 1114112K
  class space    used 3368K, committed 3584K, reserved 1048576K
}
Event: 7.436 GC heap after
{Heap after GC invocations=8 (full 0):
 garbage-first heap   total 48128K, used 16407K [0x00000000c1400000, 0x0000000100000000)
  region size 1024K, 1 young (1024K), 1 survivors (1024K)
 Metaspace       used 26988K, committed 27456K, reserved 1114112K
  class space    used 3368K, committed 3584K, reserved 1048576K
}
Event: 8.315 GC heap before
{Heap before GC invocations=8 (full 0):
 garbage-first heap   total 48128K, used 32791K [0x00000000c1400000, 0x0000000100000000)
  region size 1024K, 18 young (18432K), 1 survivors (1024K)
 Metaspace       used 31761K, committed 32256K, reserved 1114112K
  class space    used 4003K, committed 4224K, reserved 1048576K
}
Event: 8.319 GC heap after
{Heap after GC invocations=9 (full 0):
 garbage-first heap   total 48128K, used 17263K [0x00000000c1400000, 0x0000000100000000)
  region size 1024K, 2 young (2048K), 2 survivors (2048K)
 Metaspace       used 31761K, committed 32256K, reserved 1114112K
  class space    used 4003K, committed 4224K, reserved 1048576K
}
Event: 9.103 GC heap before
{Heap before GC invocations=9 (full 0):
 garbage-first heap   total 48128K, used 28527K [0x00000000c1400000, 0x0000000100000000)
  region size 1024K, 14 young (14336K), 2 survivors (2048K)
 Metaspace       used 35613K, committed 36096K, reserved 1114112K
  class space    used 4492K, committed 4736K, reserved 1048576K
}
Event: 9.108 GC heap after
{Heap after GC invocations=10 (full 0):
 garbage-first heap   total 48128K, used 17884K [0x00000000c1400000, 0x0000000100000000)
  region size 1024K, 3 young (3072K), 3 survivors (3072K)
 Metaspace       used 35613K, committed 36096K, reserved 1114112K
  class space    used 4492K, committed 4736K, reserved 1048576K
}
Event: 10.057 GC heap before
{Heap before GC invocations=11 (full 0):
 garbage-first heap   total 48128K, used 35292K [0x00000000c1400000, 0x0000000100000000)
  region size 1024K, 20 young (20480K), 3 survivors (3072K)
 Metaspace       used 41831K, committed 42368K, reserved 1114112K
  class space    used 5244K, committed 5504K, reserved 1048576K
}
Event: 10.063 GC heap after
{Heap after GC invocations=12 (full 0):
 garbage-first heap   total 48128K, used 19105K [0x00000000c1400000, 0x0000000100000000)
  region size 1024K, 2 young (2048K), 2 survivors (2048K)
 Metaspace       used 41831K, committed 42368K, reserved 1114112K
  class space    used 5244K, committed 5504K, reserved 1048576K
}
Event: 10.084 GC heap before
{Heap before GC invocations=12 (full 0):
 garbage-first heap   total 48128K, used 20129K [0x00000000c1400000, 0x0000000100000000)
  region size 1024K, 3 young (3072K), 2 survivors (2048K)
 Metaspace       used 41902K, committed 42432K, reserved 1114112K
  class space    used 5254K, committed 5504K, reserved 1048576K
}
Event: 10.092 GC heap after
{Heap after GC invocations=13 (full 0):
 garbage-first heap   total 48128K, used 19175K [0x00000000c1400000, 0x0000000100000000)
  region size 1024K, 1 young (1024K), 1 survivors (1024K)
 Metaspace       used 41902K, committed 42432K, reserved 1114112K
  class space    used 5254K, committed 5504K, reserved 1048576K
}
Event: 10.794 GC heap before
{Heap before GC invocations=13 (full 0):
 garbage-first heap   total 48128K, used 34535K [0x00000000c1400000, 0x0000000100000000)
  region size 1024K, 17 young (17408K), 1 survivors (1024K)
 Metaspace       used 45445K, committed 45952K, reserved 1114112K
  class space    used 5674K, committed 5888K, reserved 1048576K
}

