# JRE version: OpenJDK Runtime Environment Corretto-18.0.2.9.1 (18.0.2+9) (build 18.0.2+9-FR)
# Java VM: OpenJDK 64-Bit Server VM Corretto-18.0.2.9.1 (18.0.2+9-FR, mixed mode, sharing, tiered, compressed oops, compressed class ptrs, g1 gc, windows-amd64)
GC Precious Log:
 CardTable entry size: 512
 Card Set container configuration: InlinePtr #cards 5 size 8 Array Of Cards #cards 12 size 40 Howl #buckets 4 coarsen threshold 1843 Howl Bitmap #cards 512 size 80 coarsen threshold 460 Card regions per heap region 1 cards per card region 2048
 CPUs: 4 total, 4 available
 Memory: 4012M
 Large Page Support: Disabled
 NUMA Support: Disabled
 Compressed Oops: Enabled (32-bit)
 Heap Region Size: 1M
 Heap Min Capacity: 8M
 Heap Initial Capacity: 64M
 Heap Max Capacity: 1004M
 Pre-touch: Disabled
 Parallel Workers: 4
 Concurrent Workers: 1
 Concurrent Refinement Workers: 4
 Periodic GC: Disabled
Heap:
 garbage-first heap   total 65536K, used 17095K [0x00000000c1400000, 0x0000000100000000)
  region size 1024K, 2 young (2048K), 2 survivors (2048K)
 Metaspace       used 31681K, committed 32192K, reserved 1114112K
  class space    used 3997K, committed 4224K, reserved 1048576K
GC Heap History (15 events):
Event: 1.534 GC heap before
{Heap before GC invocations=0 (full 0):
 garbage-first heap   total 65536K, used 13312K [0x00000000c1400000, 0x0000000100000000)
  region size 1024K, 13 young (13312K), 0 survivors (0K)
 Metaspace       used 3768K, committed 3968K, reserved 1114112K
  class space    used 389K, committed 512K, reserved 1048576K
}
Event: 1.546 GC heap after
{Heap after GC invocations=1 (full 0):
 garbage-first heap   total 65536K, used 6074K [0x00000000c1400000, 0x0000000100000000)
  region size 1024K, 2 young (2048K), 2 survivors (2048K)
 Metaspace       used 3768K, committed 3968K, reserved 1114112K
  class space    used 389K, committed 512K, reserved 1048576K
}
Event: 2.422 GC heap before
{Heap before GC invocations=1 (full 0):
 garbage-first heap   total 65536K, used 17338K [0x00000000c1400000, 0x0000000100000000)
  region size 1024K, 13 young (13312K), 2 survivors (2048K)
 Metaspace       used 6900K, committed 7104K, reserved 1114112K
  class space    used 814K, committed 896K, reserved 1048576K
}
Event: 2.432 GC heap after
{Heap after GC invocations=2 (full 0):
 garbage-first heap   total 65536K, used 7195K [0x00000000c1400000, 0x0000000100000000)
  region size 1024K, 2 young (2048K), 2 survivors (2048K)
 Metaspace       used 6900K, committed 7104K, reserved 1114112K
  class space    used 814K, committed 896K, reserved 1048576K
}
Event: 3.350 GC heap before
{Heap before GC invocations=2 (full 0):
 garbage-first heap   total 65536K, used 27675K [0x00000000c1400000, 0x0000000100000000)
  region size 1024K, 23 young (23552K), 2 survivors (2048K)
 Metaspace       used 12780K, committed 12992K, reserved 1114112K
  class space    used 1501K, committed 1600K, reserved 1048576K
}
Event: 3.358 GC heap after
{Heap after GC invocations=3 (full 0):
 garbage-first heap   total 65536K, used 8782K [0x00000000c1400000, 0x0000000100000000)
  region size 1024K, 3 young (3072K), 3 survivors (3072K)
 Metaspace       used 12780K, committed 12992K, reserved 1114112K
  class space    used 1501K, committed 1600K, reserved 1048576K
}
Event: 4.741 GC heap before
{Heap before GC invocations=3 (full 0):
 garbage-first heap   total 65536K, used 38478K [0x00000000c1400000, 0x0000000100000000)
  region size 1024K, 33 young (33792K), 3 survivors (3072K)
 Metaspace       used 17984K, committed 18240K, reserved 1114112K
  class space    used 2139K, committed 2304K, reserved 1048576K
}
Event: 4.755 GC heap after
{Heap after GC invocations=4 (full 0):
 garbage-first heap   total 65536K, used 11064K [0x00000000c1400000, 0x0000000100000000)
  region size 1024K, 4 young (4096K), 4 survivors (4096K)
 Metaspace       used 17984K, committed 18240K, reserved 1114112K
  class space    used 2139K, committed 2304K, reserved 1048576K
}
Event: 5.732 GC heap before
{Heap before GC invocations=4 (full 0):
 garbage-first heap   total 65536K, used 28472K [0x00000000c1400000, 0x0000000100000000)
  region size 1024K, 22 young (22528K), 4 survivors (4096K)
 Metaspace       used 21172K, committed 21504K, reserved 1114112K
  class space    used 2596K, committed 2752K, reserved 1048576K
}
Event: 5.751 GC heap after
{Heap after GC invocations=5 (full 0):
 garbage-first heap   total 65536K, used 12801K [0x00000000c1400000, 0x0000000100000000)
  region size 1024K, 4 young (4096K), 4 survivors (4096K)
 Metaspace       used 21172K, committed 21504K, reserved 1114112K
  class space    used 2596K, committed 2752K, reserved 1048576K
}
Event: 7.145 GC heap before
{Heap before GC invocations=6 (full 0):
 garbage-first heap   total 48128K, used 37377K [0x00000000c1400000, 0x0000000100000000)
  region size 1024K, 28 young (28672K), 4 survivors (4096K)
 Metaspace       used 26871K, committed 27328K, reserved 1114112K
  class space    used 3355K, committed 3584K, reserved 1048576K
}
Event: 7.160 GC heap after
{Heap after GC invocations=7 (full 0):
 garbage-first heap   total 48128K, used 15430K [0x00000000c1400000, 0x0000000100000000)
  region size 1024K, 4 young (4096K), 4 survivors (4096K)
 Metaspace       used 26871K, committed 27328K, reserved 1114112K
  class space    used 3355K, committed 3584K, reserved 1048576K
}
Event: 7.189 GC heap before
{Heap before GC invocations=7 (full 0):
 garbage-first heap   total 48128K, used 16454K [0x00000000c1400000, 0x0000000100000000)
  region size 1024K, 5 young (5120K), 4 survivors (4096K)
 Metaspace       used 26967K, committed 27392K, reserved 1114112K
  class space    used 3368K, committed 3584K, reserved 1048576K
}
Event: 7.201 GC heap after
{Heap after GC invocations=8 (full 0):
 garbage-first heap   total 48128K, used 16263K [0x00000000c1400000, 0x0000000100000000)
  region size 1024K, 1 young (1024K), 1 survivors (1024K)
 Metaspace       used 26967K, committed 27392K, reserved 1114112K
  class space    used 3368K, committed 3584K, reserved 1048576K
}
Event: 8.138 GC heap before
{Heap before GC invocations=8 (full 0):
 garbage-first heap   total 48128K, used 32647K [0x00000000c1400000, 0x0000000100000000)
  region size 1024K, 18 young (18432K), 1 survivors (1024K)
 Metaspace       used 31681K, committed 32192K, reserved 1114112K
  class space    used 3997K, committed 4224K, reserved 1048576K
}

