# JRE version: OpenJDK Runtime Environment Corretto-18.0.2.9.1 (18.0.2+9) (build 18.0.2+9-FR)
# Java VM: OpenJDK 64-Bit Server VM Corretto-18.0.2.9.1 (18.0.2+9-FR, mixed mode, sharing, tiered, compressed oops, compressed class ptrs, g1 gc, windows-amd64)
GC Precious Log:
 CardTable entry size: 512
 Card Set container configuration: InlinePtr #cards 5 size 8 Array Of Cards #cards 12 size 40 Howl #buckets 4 coarsen threshold 1843 Howl Bitmap #cards 512 size 80 coarsen threshold 460 Card regions per heap region 1 cards per card region 2048
 CPUs: 4 total, 4 available
 Memory: 4012M
 Large Page Support: Disabled
 NUMA Support: Disabled
 Compressed Oops: Enabled (32-bit)
 Heap Region Size: 1M
 Heap Min Capacity: 8M
 Heap Initial Capacity: 64M
 Heap Max Capacity: 1004M
 Pre-touch: Disabled
 Parallel Workers: 4
 Concurrent Workers: 1
 Concurrent Refinement Workers: 4
 Periodic GC: Disabled
Heap:
 garbage-first heap   total 86016K, used 30176K [0x00000000c1400000, 0x0000000100000000)
  region size 1024K, 15 young (15360K), 2 survivors (2048K)
 Metaspace       used 34253K, committed 34752K, reserved 1114112K
  class space    used 4323K, committed 4544K, reserved 1048576K
GC Heap History (16 events):
Event: 1.813 GC heap before
{Heap before GC invocations=0 (full 0):
 garbage-first heap   total 65536K, used 14336K [0x00000000c1400000, 0x0000000100000000)
  region size 1024K, 13 young (13312K), 0 survivors (0K)
 Metaspace       used 3391K, committed 3584K, reserved 1114112K
  class space    used 343K, committed 448K, reserved 1048576K
}
Event: 1.848 GC heap after
{Heap after GC invocations=1 (full 0):
 garbage-first heap   total 65536K, used 6060K [0x00000000c1400000, 0x0000000100000000)
  region size 1024K, 2 young (2048K), 2 survivors (2048K)
 Metaspace       used 3391K, committed 3584K, reserved 1114112K
  class space    used 343K, committed 448K, reserved 1048576K
}
Event: 2.990 GC heap before
{Heap before GC invocations=1 (full 0):
 garbage-first heap   total 65536K, used 17324K [0x00000000c1400000, 0x0000000100000000)
  region size 1024K, 13 young (13312K), 2 survivors (2048K)
 Metaspace       used 6713K, committed 6912K, reserved 1114112K
  class space    used 786K, committed 896K, reserved 1048576K
}
Event: 2.999 GC heap after
{Heap after GC invocations=2 (full 0):
 garbage-first heap   total 65536K, used 7120K [0x00000000c1400000, 0x0000000100000000)
  region size 1024K, 1 young (1024K), 1 survivors (1024K)
 Metaspace       used 6713K, committed 6912K, reserved 1114112K
  class space    used 786K, committed 896K, reserved 1048576K
}
Event: 4.081 GC heap before
{Heap before GC invocations=2 (full 0):
 garbage-first heap   total 65536K, used 28624K [0x00000000c1400000, 0x0000000100000000)
  region size 1024K, 22 young (22528K), 1 survivors (1024K)
 Metaspace       used 12303K, committed 12544K, reserved 1114112K
  class space    used 1427K, committed 1536K, reserved 1048576K
}
Event: 4.089 GC heap after
{Heap after GC invocations=3 (full 0):
 garbage-first heap   total 65536K, used 9216K [0x00000000c1400000, 0x0000000100000000)
  region size 1024K, 3 young (3072K), 3 survivors (3072K)
 Metaspace       used 12303K, committed 12544K, reserved 1114112K
  class space    used 1427K, committed 1536K, reserved 1048576K
}
Event: 5.552 GC heap before
{Heap before GC invocations=3 (full 0):
 garbage-first heap   total 65536K, used 34816K [0x00000000c1400000, 0x0000000100000000)
  region size 1024K, 28 young (28672K), 3 survivors (3072K)
 Metaspace       used 17090K, committed 17408K, reserved 1114112K
  class space    used 2020K, committed 2176K, reserved 1048576K
}
Event: 5.567 GC heap after
{Heap after GC invocations=4 (full 0):
 garbage-first heap   total 65536K, used 11624K [0x00000000c1400000, 0x0000000100000000)
  region size 1024K, 3 young (3072K), 3 survivors (3072K)
 Metaspace       used 17090K, committed 17408K, reserved 1114112K
  class space    used 2020K, committed 2176K, reserved 1048576K
}
Event: 7.485 GC heap before
{Heap before GC invocations=4 (full 0):
 garbage-first heap   total 65536K, used 39272K [0x00000000c1400000, 0x0000000100000000)
  region size 1024K, 31 young (31744K), 3 survivors (3072K)
 Metaspace       used 21121K, committed 21504K, reserved 1114112K
  class space    used 2565K, committed 2752K, reserved 1048576K
}
Event: 7.501 GC heap after
{Heap after GC invocations=5 (full 0):
 garbage-first heap   total 65536K, used 13185K [0x00000000c1400000, 0x0000000100000000)
  region size 1024K, 4 young (4096K), 4 survivors (4096K)
 Metaspace       used 21121K, committed 21504K, reserved 1114112K
  class space    used 2565K, committed 2752K, reserved 1048576K
}
Event: 8.909 GC heap before
{Heap before GC invocations=6 (full 0):
 garbage-first heap   total 48128K, used 37761K [0x00000000c1400000, 0x0000000100000000)
  region size 1024K, 28 young (28672K), 4 survivors (4096K)
 Metaspace       used 26586K, committed 27072K, reserved 1114112K
  class space    used 3294K, committed 3520K, reserved 1048576K
}
Event: 8.925 GC heap after
{Heap after GC invocations=7 (full 0):
 garbage-first heap   total 48128K, used 16306K [0x00000000c1400000, 0x0000000100000000)
  region size 1024K, 4 young (4096K), 4 survivors (4096K)
 Metaspace       used 26586K, committed 27072K, reserved 1114112K
  class space    used 3294K, committed 3520K, reserved 1048576K
}
Event: 8.985 GC heap before
{Heap before GC invocations=7 (full 0):
 garbage-first heap   total 48128K, used 17330K [0x00000000c1400000, 0x0000000100000000)
  region size 1024K, 5 young (5120K), 4 survivors (4096K)
 Metaspace       used 26845K, committed 27328K, reserved 1114112K
  class space    used 3328K, committed 3584K, reserved 1048576K
}
Event: 9.003 GC heap after
{Heap after GC invocations=8 (full 0):
 garbage-first heap   total 48128K, used 16821K [0x00000000c1400000, 0x0000000100000000)
  region size 1024K, 1 young (1024K), 1 survivors (1024K)
 Metaspace       used 26845K, committed 27328K, reserved 1114112K
  class space    used 3328K, committed 3584K, reserved 1048576K
}
Event: 9.829 GC heap before
{Heap before GC invocations=8 (full 0):
 garbage-first heap   total 48128K, used 33205K [0x00000000c1400000, 0x0000000100000000)
  region size 1024K, 18 young (18432K), 1 survivors (1024K)
 Metaspace       used 30765K, committed 31296K, reserved 1114112K
  class space    used 3794K, committed 4032K, reserved 1048576K
}
Event: 9.834 GC heap after
{Heap after GC invocations=9 (full 0):
 garbage-first heap   total 86016K, used 17888K [0x00000000c1400000, 0x0000000100000000)
  region size 1024K, 2 young (2048K), 2 survivors (2048K)
 Metaspace       used 30765K, committed 31296K, reserved 1114112K
  class space    used 3794K, committed 4032K, reserved 1048576K
}

