# JRE version: OpenJDK Runtime Environment Corretto-18.0.2.9.1 (18.0.2+9) (build 18.0.2+9-FR)
# Java VM: OpenJDK 64-Bit Server VM Corretto-18.0.2.9.1 (18.0.2+9-FR, mixed mode, sharing, tiered, compressed oops, compressed class ptrs, g1 gc, windows-amd64)
GC Precious Log:
 CardTable entry size: 512
 Card Set container configuration: InlinePtr #cards 5 size 8 Array Of Cards #cards 12 size 40 Howl #buckets 4 coarsen threshold 1843 Howl Bitmap #cards 512 size 80 coarsen threshold 460 Card regions per heap region 1 cards per card region 2048
 CPUs: 4 total, 4 available
 Memory: 4012M
 Large Page Support: Disabled
 NUMA Support: Disabled
 Compressed Oops: Enabled (32-bit)
 Heap Region Size: 1M
 Heap Min Capacity: 8M
 Heap Initial Capacity: 64M
 Heap Max Capacity: 1004M
 Pre-touch: Disabled
 Parallel Workers: 4
 Concurrent Workers: 1
 Concurrent Refinement Workers: 4
 Periodic GC: Disabled
Heap:
 garbage-first heap   total 51200K, used 23692K [0x00000000c1400000, 0x0000000100000000)
  region size 1024K, 3 young (3072K), 3 survivors (3072K)
 Metaspace       used 54808K, committed 55360K, reserved 1114112K
  class space    used 7143K, committed 7360K, reserved 1048576K
GC Heap History (20 events):
Event: 2.482 GC heap after
{Heap after GC invocations=2 (full 0):
 garbage-first heap   total 65536K, used 7308K [0x00000000c1400000, 0x0000000100000000)
  region size 1024K, 1 young (1024K), 1 survivors (1024K)
 Metaspace       used 6699K, committed 6912K, reserved 1114112K
  class space    used 781K, committed 896K, reserved 1048576K
}
Event: 3.469 GC heap before
{Heap before GC invocations=2 (full 0):
 garbage-first heap   total 65536K, used 27788K [0x00000000c1400000, 0x0000000100000000)
  region size 1024K, 22 young (22528K), 1 survivors (1024K)
 Metaspace       used 12389K, committed 12608K, reserved 1114112K
  class space    used 1454K, committed 1536K, reserved 1048576K
}
Event: 3.476 GC heap after
{Heap after GC invocations=3 (full 0):
 garbage-first heap   total 65536K, used 9119K [0x00000000c1400000, 0x0000000100000000)
  region size 1024K, 3 young (3072K), 3 survivors (3072K)
 Metaspace       used 12389K, committed 12608K, reserved 1114112K
  class space    used 1454K, committed 1536K, reserved 1048576K
}
Event: 5.000 GC heap before
{Heap before GC invocations=3 (full 0):
 garbage-first heap   total 65536K, used 39839K [0x00000000c1400000, 0x0000000100000000)
  region size 1024K, 34 young (34816K), 3 survivors (3072K)
 Metaspace       used 17885K, committed 18112K, reserved 1114112K
  class space    used 2130K, committed 2240K, reserved 1048576K
}
Event: 5.013 GC heap after
{Heap after GC invocations=4 (full 0):
 garbage-first heap   total 65536K, used 11344K [0x00000000c1400000, 0x0000000100000000)
  region size 1024K, 4 young (4096K), 4 survivors (4096K)
 Metaspace       used 17885K, committed 18112K, reserved 1114112K
  class space    used 2130K, committed 2240K, reserved 1048576K
}
Event: 5.940 GC heap before
{Heap before GC invocations=4 (full 0):
 garbage-first heap   total 65536K, used 28752K [0x00000000c1400000, 0x0000000100000000)
  region size 1024K, 23 young (23552K), 4 survivors (4096K)
 Metaspace       used 21166K, committed 21504K, reserved 1114112K
  class space    used 2594K, committed 2752K, reserved 1048576K
}
Event: 5.960 GC heap after
{Heap after GC invocations=5 (full 0):
 garbage-first heap   total 65536K, used 13493K [0x00000000c1400000, 0x0000000100000000)
  region size 1024K, 5 young (5120K), 5 survivors (5120K)
 Metaspace       used 21166K, committed 21504K, reserved 1114112K
  class space    used 2594K, committed 2752K, reserved 1048576K
}
Event: 7.207 GC heap before
{Heap before GC invocations=6 (full 0):
 garbage-first heap   total 51200K, used 39093K [0x00000000c1400000, 0x0000000100000000)
  region size 1024K, 30 young (30720K), 5 survivors (5120K)
 Metaspace       used 27081K, committed 27520K, reserved 1114112K
  class space    used 3368K, committed 3584K, reserved 1048576K
}
Event: 7.222 GC heap after
{Heap after GC invocations=7 (full 0):
 garbage-first heap   total 51200K, used 16294K [0x00000000c1400000, 0x0000000100000000)
  region size 1024K, 4 young (4096K), 4 survivors (4096K)
 Metaspace       used 27081K, committed 27520K, reserved 1114112K
  class space    used 3368K, committed 3584K, reserved 1048576K
}
Event: 8.081 GC heap before
{Heap before GC invocations=7 (full 0):
 garbage-first heap   total 51200K, used 34726K [0x00000000c1400000, 0x0000000100000000)
  region size 1024K, 23 young (23552K), 4 survivors (4096K)
 Metaspace       used 32353K, committed 32832K, reserved 1114112K
  class space    used 4096K, committed 4352K, reserved 1048576K
}
Event: 8.092 GC heap after
{Heap after GC invocations=8 (full 0):
 garbage-first heap   total 51200K, used 18290K [0x00000000c1400000, 0x0000000100000000)
  region size 1024K, 2 young (2048K), 2 survivors (2048K)
 Metaspace       used 32353K, committed 32832K, reserved 1114112K
  class space    used 4096K, committed 4352K, reserved 1048576K
}
Event: 8.585 GC heap before
{Heap before GC invocations=8 (full 0):
 garbage-first heap   total 51200K, used 26482K [0x00000000c1400000, 0x0000000100000000)
  region size 1024K, 12 young (12288K), 2 survivors (2048K)
 Metaspace       used 35633K, committed 36096K, reserved 1114112K
  class space    used 4491K, committed 4736K, reserved 1048576K
}
Event: 8.590 GC heap after
{Heap after GC invocations=9 (full 0):
 garbage-first heap   total 51200K, used 18516K [0x00000000c1400000, 0x0000000100000000)
  region size 1024K, 2 young (2048K), 2 survivors (2048K)
 Metaspace       used 35633K, committed 36096K, reserved 1114112K
  class space    used 4491K, committed 4736K, reserved 1048576K
}
Event: 9.409 GC heap before
{Heap before GC invocations=10 (full 0):
 garbage-first heap   total 51200K, used 36948K [0x00000000c1400000, 0x0000000100000000)
  region size 1024K, 21 young (21504K), 2 survivors (2048K)
 Metaspace       used 42033K, committed 42560K, reserved 1114112K
  class space    used 5271K, committed 5504K, reserved 1048576K
}
Event: 9.416 GC heap after
{Heap after GC invocations=11 (full 0):
 garbage-first heap   total 51200K, used 19788K [0x00000000c1400000, 0x0000000100000000)
  region size 1024K, 2 young (2048K), 2 survivors (2048K)
 Metaspace       used 42033K, committed 42560K, reserved 1114112K
  class space    used 5271K, committed 5504K, reserved 1048576K
}
Event: 10.256 GC heap before
{Heap before GC invocations=11 (full 0):
 garbage-first heap   total 51200K, used 38220K [0x00000000c1400000, 0x0000000100000000)
  region size 1024K, 21 young (21504K), 2 survivors (2048K)
 Metaspace       used 46720K, committed 47232K, reserved 1114112K
  class space    used 5972K, committed 6208K, reserved 1048576K
}
Event: 10.262 GC heap after
{Heap after GC invocations=12 (full 0):
 garbage-first heap   total 51200K, used 21335K [0x00000000c1400000, 0x0000000100000000)
  region size 1024K, 3 young (3072K), 3 survivors (3072K)
 Metaspace       used 46720K, committed 47232K, reserved 1114112K
  class space    used 5972K, committed 6208K, reserved 1048576K
}
Event: 11.243 GC heap before
{Heap before GC invocations=12 (full 0):
 garbage-first heap   total 51200K, used 38743K [0x00000000c1400000, 0x0000000100000000)
  region size 1024K, 21 young (21504K), 3 survivors (3072K)
 Metaspace       used 51612K, committed 52160K, reserved 1114112K
  class space    used 6726K, committed 6976K, reserved 1048576K
}
Event: 11.249 GC heap after
{Heap after GC invocations=13 (full 0):
 garbage-first heap   total 51200K, used 22251K [0x00000000c1400000, 0x0000000100000000)
  region size 1024K, 3 young (3072K), 3 survivors (3072K)
 Metaspace       used 51612K, committed 52160K, reserved 1114112K
  class space    used 6726K, committed 6976K, reserved 1048576K
}
Event: 11.873 GC heap before
{Heap before GC invocations=13 (full 0):
 garbage-first heap   total 51200K, used 38635K [0x00000000c1400000, 0x0000000100000000)
  region size 1024K, 20 young (20480K), 3 survivors (3072K)
 Metaspace       used 54808K, committed 55360K, reserved 1114112K
  class space    used 7143K, committed 7360K, reserved 1048576K
}

